




<!DOCTYPE html>
<html>

<head>
    <meta charset="utf-8">
    <meta name="viewport" content="width=device-width, initial-scale=1, shrink-to-fit=no">
    <title>ExtentReports</title>
    <link rel="apple-touch-icon" href="https://cdn.rawgit.com/extent-framework/extent-github-cdn/d74480e/commons/img/logo.png">
    <link rel="shortcut icon" href="https://cdn.rawgit.com/extent-framework/extent-github-cdn/d74480e/commons/img/logo.png">
    <link href="https://cdn.rawgit.com/extent-framework/extent-github-cdn/2bfb90a/spark/css/style.css" rel="stylesheet" />
    <link href="https://stackpath.bootstrapcdn.com/font-awesome/4.7.0/css/font-awesome.min.css" rel="stylesheet">
    <style><style type="text/css">

</style></style>
</head><script src="https://cdn.rawgit.com/extent-framework/extent-github-cdn/7cc78ce/spark/js/jsontree.js"></script>
<body class="test-view -report standard">
    <div class="app header-dark side-nav-folded">
        <div class="layout">
<div class="header navbar">
    <div class="header-container">
        <div class="nav-logo">
          <a href="index.html">
            <div class="logo logo-dark" style="background-image: url('https://cdn.rawgit.com/extent-framework/extent-github-cdn/d74480e/commons/img/logo.png')"></div>
            <div class="logo logo-white" style="background-image: url('https://cdn.rawgit.com/extent-framework/extent-github-cdn/d74480e/commons/img/logo.png')"></div>
          </a>
        </div>
        <ul class="nav-left">
          <li>
            <a class="sidenav-fold-toggler" href="javascript:void(0);">
              <i class="fa fa-bars"></i>
            </a>
            <a class="sidenav-expand-toggler" href="javascript:void(0);">
              <i class="fa fa-bars"></i>
            </a>
          </li>
          <li class="search-box">
            <a class="search-toggle" href="javascript:void(0);">
              <i class="search-icon fa fa-search"></i>
              <i class="search-icon-close fa fa-close"></i>
            </a>
          </li>
          <li class="search-input">
            <input id="search-tests" class="form-control" type="text" placeholder="Type to search...">
          </li>
        </ul>
        <ul class="nav-right">
          <li class="m-r-10">
            <a href="#">
              <span class="badge badge-primary">Automation Test Results</span>
            </a>
          </li>
            <li class="m-r-10">
                <a href="#">
                    <span class="badge badge-primary">Jun 16, 2023 03:21:03 PM</span>
                </a>
            </li>
        </ul>
    </div>
</div><div class="side-nav side-nav-folded">
  <div class="side-nav-inner">
    <ul class="side-nav-menu scrollable">
      <li class="nav-item dropdown">
        <a id="nav-test" class="dropdown-toggle" href="index.html">
          <span class="icon-holder">
            <i class="fa fa-align-left"></i>
          </span>
          <span class="title">Tests</span>
        </a>
      </li>
            <li class="nav-item dropdown">
        <a id="nav-tag" class="dropdown-toggle" href="tag.html">
          <span class="icon-holder">
            <i class="fa fa-tag"></i>
          </span>
          <span class="title">Tags</span>
        </a>
      </li>
      <li class="nav-item dropdown">
        <a id="nav-dashboard" class="dropdown-toggle" href="dashboard.html">
          <span class="icon-holder">
            <i class="fa fa-bar-chart"></i>
          </span>
          <span class="title">Dashboard</span>
        </a>
      </li>
    </ul>
  </div>
</div>
            <div class="page-container">
                <div class="main-content">
                    <div class="test-wrapper row">
                        <div class="test-list">
                            <div class="test-list-tools">
                                <ul class="tools pull-left">
                                    <li>
                                        <a href="">
                                            <span class="font-size-14">Tests</span>
                                        </a>
                                    </li> 
                                </ul>
                                <ul class="tools text-right">
                                    <li class="user-profile dropdown dropdown-animated scale-left">
                                        <a href="#" class="dropdown-toggle" data-toggle="dropdown">
                                            <i class="fa fa-exclamation-circle"></i>
                                        </a>
                                        <ul id="status-toggle" class="dropdown-menu dropdown-md p-v-0">
                                            <a class="dropdown-item" status="pass" href="#"><span>Pass</span><span class="status success pull-right"></span></a>
	                                        <a class="dropdown-item" status="fail" href="#"><span>Fail</span><span class="status danger pull-right"></span></a>
	                                        
	                                        
	                                        
	                                        
	                                        <div class="dropdown-divider"></div>
                                            <a status="clear" class="dropdown-item" href="#"><span>Clear</span><span class="pull-right"><i class="fa fa-close"></i></span></a>
                                        </ul>
                                    </li>
                                    <li class="user-profile dropdown dropdown-animated scale-left">
                                        <a href="#" class="dropdown-toggle" data-toggle="dropdown">
                                            <i class="fa fa-tag"></i>
                                        </a>
                                        <ul id="tag-toggle" class="dropdown-menu dropdown-md p-v-0">
                                                <a class="dropdown-item" href="#">ShoppingTests</a>
                                                <a class="dropdown-item" href="#">DifferentCalculations</a>
                                                <a class="dropdown-item" href="#">TESTS_HomePageDP</a>
                                                <a class="dropdown-item" href="#">TESTS_AddRemoveMultipleItems</a>
                                                <a class="dropdown-item" href="#">TESTS_AddRemoveItem</a>
                                        </ul>
                                    </li>
                                </ul>
                            </div>
                            <div class="test-list-wrapper scrollable">
                                <ul class="test-list-item">
                                    <li class="test-item"  status="pass" test-id="1"
                                            author=""
                                            tag="ShoppingTests DifferentCalculations"
                                            device="">
                                        <div class="status-avatar pass-bg">
                                            <i class="fa fa-check text-white"></i>
                                        </div>
                                        <div class="open-test">
                                            <div class="test-detail"> 
                                                <p class="name">t2_calculationsNO_VAT_RegisteredAccount</p> 
                                                <p class="duration text-sm">0h 0m 57s+207ms</p> 
                                                <span class="datetime">15:21:09 PM</span>
                                            </div>
                                        </div>
                                        <div class="test-contents d-none">
                                            <div class="detail-head">
                                                <div class="p-v-10 d-inline-block"> 
                                                    <div class="info">
                                                        <h5 class="test-status text-pass">t2_calculationsNO_VAT_RegisteredAccount</h5>
                                                        <span class='badge badge-success'>06.16.2023 15:21:09</span>
                                                        <span class='badge badge-danger'>06.16.2023 15:22:06</span>
                                                        <span class='badge badge-default'>0h 0m 57s+207ms</span>
                                                    </div>
                                                    <div class="m-t-15">
			<span class="badge badge-pill badge-default"><i class="fa fa-tag"></i> ShoppingTests</span>
			<span class="badge badge-pill badge-default"><i class="fa fa-tag"></i> DifferentCalculations</span>
                                                    </div>
                                                    <div class="m-t-10 m-l-5">
                                                        The test performs Assertions on different quantities calculations
                                                    </div>
                                                </div>
                                            </div>
	                                            <div class="detail-body mt-4">                                              
<table class="table table-sm">
	<thead><tr>
		<th class="status-col">Status</th>
		<th class="timestamp-col">Timestamp</th>
		<th class="details-col">Details</th>
	</tr></thead>
	<tbody>
			<tr class="event-row">
				<td><i class="fa fa-check text-pass"></i></td>
				<td>3:22:06 PM</td>
				<td>
						<span class='badge white-text green'><b>TEST CASE:- T2_CALCULATIONSNO_VAT_REGISTEREDACCOUNT PASSED</b></span>
				</td>
			</tr>
	</tbody>
</table>
	                                            </div>    
                                        </div>
                                    </li>
                                    <li class="test-item"  status="fail" test-id="2"
                                            author=""
                                            tag="ShoppingTests DifferentCalculations"
                                            device="">
                                        <div class="status-avatar fail-bg">
                                            <i class="fa fa-times text-white"></i>
                                        </div>
                                        <div class="open-test">
                                            <div class="test-detail"> 
                                                <p class="name">t1_calculations_VAT_YES_RegisteredAccount</p> 
                                                <p class="duration text-sm">0h 0m 4s+229ms</p> 
                                                <span class="datetime">15:21:09 PM</span>
                                            </div>
                                        </div>
                                        <div class="test-contents d-none">
                                            <div class="detail-head">
                                                <div class="p-v-10 d-inline-block"> 
                                                    <div class="info">
                                                        <h5 class="test-status text-fail">t1_calculations_VAT_YES_RegisteredAccount</h5>
                                                        <span class='badge badge-success'>06.16.2023 15:21:09</span>
                                                        <span class='badge badge-danger'>06.16.2023 15:21:14</span>
                                                        <span class='badge badge-default'>0h 0m 4s+229ms</span>
                                                    </div>
                                                    <div class="m-t-15">
			<span class="badge badge-pill badge-default"><i class="fa fa-tag"></i> ShoppingTests</span>
			<span class="badge badge-pill badge-default"><i class="fa fa-tag"></i> DifferentCalculations</span>
                                                    </div>
                                                    <div class="m-t-10 m-l-5">
                                                        The test performs Assertions on different quantities calculations
                                                    </div>
                                                </div>
                                            </div>
	                                            <div class="detail-body mt-4">                                              
<table class="table table-sm">
	<thead><tr>
		<th class="status-col">Status</th>
		<th class="timestamp-col">Timestamp</th>
		<th class="details-col">Details</th>
	</tr></thead>
	<tbody>
			<tr class="event-row">
				<td><i class="fa fa-times text-fail"></i></td>
				<td>3:21:13 PM</td>
				<td>
						<b><font color=red>Screenshot of failure</font></b>
						<img class='r-img' onerror='this.style.display="none"' data-featherlight='C:\Users\PlamenTanev\git\LamdaTestRefact\Shopping\screenshots\Fri_Jun_16_15_21_13_EEST_2023.png' src='C:\Users\PlamenTanev\git\LamdaTestRefact\Shopping\screenshots\Fri_Jun_16_15_21_13_EEST_2023.png' data-src='C:\Users\PlamenTanev\git\LamdaTestRefact\Shopping\screenshots\Fri_Jun_16_15_21_13_EEST_2023.png'>
				</td>
			</tr>
			<tr class="event-row">
				<td><i class="fa fa-times text-fail"></i></td>
				<td>3:21:14 PM</td>
				<td>
						<span class='badge white-text red'>TEST CASE FAILED</span>
				</td>
			</tr>
			<tr class="event-row">
				<td><i class="fa fa-times text-fail"></i></td>
				<td>3:21:14 PM</td>
				<td>
						<details><summary><b><font color=red>Exception Occured:Click to see</font></b ></summary>[java.base/jdk.internal.reflect.NativeConstructorAccessorImpl.newInstance0(Native Method)<br> java.base/jdk.internal.reflect.NativeConstructorAccessorImpl.newInstance(NativeConstructorAccessorImpl.java:77)<br> java.base/jdk.internal.reflect.DelegatingConstructorAccessorImpl.newInstance(DelegatingConstructorAccessorImpl.java:45)<br> java.base/java.lang.reflect.Constructor.newInstanceWithCaller(Constructor.java:499)<br> java.base/java.lang.reflect.Constructor.newInstance(Constructor.java:480)<br> org.openqa.selenium.remote.http.W3CHttpResponseCodec.createException(W3CHttpResponseCodec.java:187)<br> org.openqa.selenium.remote.http.W3CHttpResponseCodec.decode(W3CHttpResponseCodec.java:122)<br> org.openqa.selenium.remote.http.W3CHttpResponseCodec.decode(W3CHttpResponseCodec.java:49)<br> org.openqa.selenium.remote.HttpCommandExecutor.execute(HttpCommandExecutor.java:158)<br> org.openqa.selenium.remote.service.DriverCommandExecutor.execute(DriverCommandExecutor.java:83)<br> org.openqa.selenium.remote.RemoteWebDriver.execute(RemoteWebDriver.java:552)<br> org.openqa.selenium.remote.RemoteWebDriver.executeScript(RemoteWebDriver.java:489)<br> java.base/jdk.internal.reflect.NativeMethodAccessorImpl.invoke0(Native Method)<br> java.base/jdk.internal.reflect.NativeMethodAccessorImpl.invoke(NativeMethodAccessorImpl.java:77)<br> java.base/jdk.internal.reflect.DelegatingMethodAccessorImpl.invoke(DelegatingMethodAccessorImpl.java:43)<br> java.base/java.lang.reflect.Method.invoke(Method.java:568)<br> org.openqa.selenium.support.events.EventFiringWebDriver.lambda$new$1(EventFiringWebDriver.java:105)<br> jdk.proxy2/jdk.proxy2.$Proxy11.executeScript(Unknown Source)<br> org.openqa.selenium.support.events.EventFiringWebDriver.executeScript(EventFiringWebDriver.java:229)<br> Utils.TestUtil.HighLightElement(TestUtil.java:182)<br> Utils.TestUtil.typeOnField(TestUtil.java:165)<br> Pages.HomePage.enterProductInSearchField(HomePage.java:100)<br> ShoppingTests.DifferentCalculations.t1_calculations_VAT_YES_RegisteredAccount(DifferentCalculations.java:80)<br> java.base/jdk.internal.reflect.NativeMethodAccessorImpl.invoke0(Native Method)<br> java.base/jdk.internal.reflect.NativeMethodAccessorImpl.invoke(NativeMethodAccessorImpl.java:77)<br> java.base/jdk.internal.reflect.DelegatingMethodAccessorImpl.invoke(DelegatingMethodAccessorImpl.java:43)<br> java.base/java.lang.reflect.Method.invoke(Method.java:568)<br> org.testng.internal.MethodInvocationHelper.invokeMethod(MethodInvocationHelper.java:134)<br> org.testng.internal.TestInvoker.invokeMethod(TestInvoker.java:597)<br> org.testng.internal.TestInvoker.invokeTestMethod(TestInvoker.java:173)<br> org.testng.internal.MethodRunner.runInSequence(MethodRunner.java:46)<br> org.testng.internal.TestInvoker$MethodInvocationAgent.invoke(TestInvoker.java:816)<br> org.testng.internal.TestInvoker.invokeTestMethods(TestInvoker.java:146)<br> org.testng.internal.TestMethodWorker.invokeTestMethods(TestMethodWorker.java:146)<br> org.testng.internal.TestMethodWorker.run(TestMethodWorker.java:128)<br> java.base/java.util.concurrent.ThreadPoolExecutor.runWorker(ThreadPoolExecutor.java:1136)<br> java.base/java.util.concurrent.ThreadPoolExecutor$Worker.run(ThreadPoolExecutor.java:635)<br> java.base/java.lang.Thread.run(Thread.java:833)]</details>
				</td>
			</tr>
	</tbody>
</table>
	                                            </div>    
                                        </div>
                                    </li>
                                    <li class="test-item"  status="fail" test-id="3"
                                            author=""
                                            tag="ShoppingTests DifferentCalculations"
                                            device="">
                                        <div class="status-avatar fail-bg">
                                            <i class="fa fa-times text-white"></i>
                                        </div>
                                        <div class="open-test">
                                            <div class="test-detail"> 
                                                <p class="name">t1_calculations_VAT_YES_RegisteredAccount</p> 
                                                <p class="duration text-sm">0h 1m 16s+445ms</p> 
                                                <span class="datetime">15:21:24 PM</span>
                                            </div>
                                        </div>
                                        <div class="test-contents d-none">
                                            <div class="detail-head">
                                                <div class="p-v-10 d-inline-block"> 
                                                    <div class="info">
                                                        <h5 class="test-status text-fail">t1_calculations_VAT_YES_RegisteredAccount</h5>
                                                        <span class='badge badge-success'>06.16.2023 15:21:24</span>
                                                        <span class='badge badge-danger'>06.16.2023 15:22:41</span>
                                                        <span class='badge badge-default'>0h 1m 16s+445ms</span>
                                                    </div>
                                                    <div class="m-t-15">
			<span class="badge badge-pill badge-default"><i class="fa fa-tag"></i> ShoppingTests</span>
			<span class="badge badge-pill badge-default"><i class="fa fa-tag"></i> DifferentCalculations</span>
                                                    </div>
                                                    <div class="m-t-10 m-l-5">
                                                        The test performs Assertions on different quantities calculations
                                                    </div>
                                                </div>
                                            </div>
	                                            <div class="detail-body mt-4">                                              
<table class="table table-sm">
	<thead><tr>
		<th class="status-col">Status</th>
		<th class="timestamp-col">Timestamp</th>
		<th class="details-col">Details</th>
	</tr></thead>
	<tbody>
			<tr class="event-row">
				<td><i class="fa fa-times text-fail"></i></td>
				<td>3:22:41 PM</td>
				<td>
						<b><font color=red>Screenshot of failure</font></b>
						<img class='r-img' onerror='this.style.display="none"' data-featherlight='C:\Users\PlamenTanev\git\LamdaTestRefact\Shopping\screenshots\Fri_Jun_16_15_22_40_EEST_2023.png' src='C:\Users\PlamenTanev\git\LamdaTestRefact\Shopping\screenshots\Fri_Jun_16_15_22_40_EEST_2023.png' data-src='C:\Users\PlamenTanev\git\LamdaTestRefact\Shopping\screenshots\Fri_Jun_16_15_22_40_EEST_2023.png'>
				</td>
			</tr>
			<tr class="event-row">
				<td><i class="fa fa-times text-fail"></i></td>
				<td>3:22:41 PM</td>
				<td>
						<span class='badge white-text red'>TEST CASE FAILED</span>
				</td>
			</tr>
			<tr class="event-row">
				<td><i class="fa fa-times text-fail"></i></td>
				<td>3:22:41 PM</td>
				<td>
						<details><summary><b><font color=red>Exception Occured:Click to see</font></b ></summary>[java.base/jdk.internal.reflect.NativeConstructorAccessorImpl.newInstance0(Native Method)<br> java.base/jdk.internal.reflect.NativeConstructorAccessorImpl.newInstance(NativeConstructorAccessorImpl.java:77)<br> java.base/jdk.internal.reflect.DelegatingConstructorAccessorImpl.newInstance(DelegatingConstructorAccessorImpl.java:45)<br> java.base/java.lang.reflect.Constructor.newInstanceWithCaller(Constructor.java:499)<br> java.base/java.lang.reflect.Constructor.newInstance(Constructor.java:480)<br> org.openqa.selenium.remote.http.W3CHttpResponseCodec.createException(W3CHttpResponseCodec.java:187)<br> org.openqa.selenium.remote.http.W3CHttpResponseCodec.decode(W3CHttpResponseCodec.java:122)<br> org.openqa.selenium.remote.http.W3CHttpResponseCodec.decode(W3CHttpResponseCodec.java:49)<br> org.openqa.selenium.remote.HttpCommandExecutor.execute(HttpCommandExecutor.java:158)<br> org.openqa.selenium.remote.service.DriverCommandExecutor.execute(DriverCommandExecutor.java:83)<br> org.openqa.selenium.remote.RemoteWebDriver.execute(RemoteWebDriver.java:552)<br> org.openqa.selenium.remote.RemoteWebDriver.findElement(RemoteWebDriver.java:323)<br> org.openqa.selenium.remote.RemoteWebDriver.findElementByXPath(RemoteWebDriver.java:428)<br> org.openqa.selenium.By$ByXPath.findElement(By.java:353)<br> org.openqa.selenium.remote.RemoteWebDriver.findElement(RemoteWebDriver.java:315)<br> jdk.internal.reflect.GeneratedMethodAccessor4.invoke(Unknown Source)<br> java.base/jdk.internal.reflect.DelegatingMethodAccessorImpl.invoke(DelegatingMethodAccessorImpl.java:43)<br> java.base/java.lang.reflect.Method.invoke(Method.java:568)<br> org.openqa.selenium.support.events.EventFiringWebDriver.lambda$new$1(EventFiringWebDriver.java:105)<br> jdk.proxy2/jdk.proxy2.$Proxy11.findElement(Unknown Source)<br> org.openqa.selenium.support.events.EventFiringWebDriver.findElement(EventFiringWebDriver.java:194)<br> Pages.AccountRegisterPage.subTotalValue(AccountRegisterPage.java:344)<br> Pages.AccountRegisterPage.getSubTotalAmount(AccountRegisterPage.java:391)<br> Pages.FascadePage.assertionsYesVat(FascadePage.java:237)<br> ShoppingTests.DifferentCalculations.t1_calculations_VAT_YES_RegisteredAccount(DifferentCalculations.java:117)<br> java.base/jdk.internal.reflect.NativeMethodAccessorImpl.invoke0(Native Method)<br> java.base/jdk.internal.reflect.NativeMethodAccessorImpl.invoke(NativeMethodAccessorImpl.java:77)<br> java.base/jdk.internal.reflect.DelegatingMethodAccessorImpl.invoke(DelegatingMethodAccessorImpl.java:43)<br> java.base/java.lang.reflect.Method.invoke(Method.java:568)<br> org.testng.internal.MethodInvocationHelper.invokeMethod(MethodInvocationHelper.java:134)<br> org.testng.internal.TestInvoker.invokeMethod(TestInvoker.java:597)<br> org.testng.internal.TestInvoker.invokeTestMethod(TestInvoker.java:173)<br> org.testng.internal.MethodRunner.runInSequence(MethodRunner.java:46)<br> org.testng.internal.TestInvoker$MethodInvocationAgent.invoke(TestInvoker.java:816)<br> org.testng.internal.TestInvoker.invokeTestMethods(TestInvoker.java:146)<br> org.testng.internal.TestMethodWorker.invokeTestMethods(TestMethodWorker.java:146)<br> org.testng.internal.TestMethodWorker.run(TestMethodWorker.java:128)<br> java.base/java.util.concurrent.ThreadPoolExecutor.runWorker(ThreadPoolExecutor.java:1136)<br> java.base/java.util.concurrent.ThreadPoolExecutor$Worker.run(ThreadPoolExecutor.java:635)<br> java.base/java.lang.Thread.run(Thread.java:833)]</details>
				</td>
			</tr>
	</tbody>
</table>
	                                            </div>    
                                        </div>
                                    </li>
                                    <li class="test-item"  status="fail" test-id="4"
                                            author=""
                                            tag="ShoppingTests DifferentCalculations"
                                            device="">
                                        <div class="status-avatar fail-bg">
                                            <i class="fa fa-times text-white"></i>
                                        </div>
                                        <div class="open-test">
                                            <div class="test-detail"> 
                                                <p class="name">t2_calculationsNO_VAT_RegisteredAccount</p> 
                                                <p class="duration text-sm">0h 1m 8s+810ms</p> 
                                                <span class="datetime">15:22:19 PM</span>
                                            </div>
                                        </div>
                                        <div class="test-contents d-none">
                                            <div class="detail-head">
                                                <div class="p-v-10 d-inline-block"> 
                                                    <div class="info">
                                                        <h5 class="test-status text-fail">t2_calculationsNO_VAT_RegisteredAccount</h5>
                                                        <span class='badge badge-success'>06.16.2023 15:22:19</span>
                                                        <span class='badge badge-danger'>06.16.2023 15:23:28</span>
                                                        <span class='badge badge-default'>0h 1m 8s+810ms</span>
                                                    </div>
                                                    <div class="m-t-15">
			<span class="badge badge-pill badge-default"><i class="fa fa-tag"></i> ShoppingTests</span>
			<span class="badge badge-pill badge-default"><i class="fa fa-tag"></i> DifferentCalculations</span>
                                                    </div>
                                                    <div class="m-t-10 m-l-5">
                                                        The test performs Assertions on different quantities calculations
                                                    </div>
                                                </div>
                                            </div>
	                                            <div class="detail-body mt-4">                                              
<table class="table table-sm">
	<thead><tr>
		<th class="status-col">Status</th>
		<th class="timestamp-col">Timestamp</th>
		<th class="details-col">Details</th>
	</tr></thead>
	<tbody>
			<tr class="event-row">
				<td><i class="fa fa-times text-fail"></i></td>
				<td>3:23:28 PM</td>
				<td>
						<b><font color=red>Screenshot of failure</font></b>
						<img class='r-img' onerror='this.style.display="none"' data-featherlight='C:\Users\PlamenTanev\git\LamdaTestRefact\Shopping\screenshots\Fri_Jun_16_15_23_27_EEST_2023.png' src='C:\Users\PlamenTanev\git\LamdaTestRefact\Shopping\screenshots\Fri_Jun_16_15_23_27_EEST_2023.png' data-src='C:\Users\PlamenTanev\git\LamdaTestRefact\Shopping\screenshots\Fri_Jun_16_15_23_27_EEST_2023.png'>
				</td>
			</tr>
			<tr class="event-row">
				<td><i class="fa fa-times text-fail"></i></td>
				<td>3:23:28 PM</td>
				<td>
						<span class='badge white-text red'>TEST CASE FAILED</span>
				</td>
			</tr>
			<tr class="event-row">
				<td><i class="fa fa-times text-fail"></i></td>
				<td>3:23:28 PM</td>
				<td>
						<details><summary><b><font color=red>Exception Occured:Click to see</font></b ></summary>[Pages.AccountRegisterPage.getUNIT_PRICE(AccountRegisterPage.java:383)<br> Pages.FascadePage.assertionsNoVat(FascadePage.java:206)<br> ShoppingTests.DifferentCalculations.t2_calculationsNO_VAT_RegisteredAccount(DifferentCalculations.java:178)<br> java.base/jdk.internal.reflect.NativeMethodAccessorImpl.invoke0(Native Method)<br> java.base/jdk.internal.reflect.NativeMethodAccessorImpl.invoke(NativeMethodAccessorImpl.java:77)<br> java.base/jdk.internal.reflect.DelegatingMethodAccessorImpl.invoke(DelegatingMethodAccessorImpl.java:43)<br> java.base/java.lang.reflect.Method.invoke(Method.java:568)<br> org.testng.internal.MethodInvocationHelper.invokeMethod(MethodInvocationHelper.java:134)<br> org.testng.internal.TestInvoker.invokeMethod(TestInvoker.java:597)<br> org.testng.internal.TestInvoker.invokeTestMethod(TestInvoker.java:173)<br> org.testng.internal.MethodRunner.runInSequence(MethodRunner.java:46)<br> org.testng.internal.TestInvoker$MethodInvocationAgent.invoke(TestInvoker.java:816)<br> org.testng.internal.TestInvoker.invokeTestMethods(TestInvoker.java:146)<br> org.testng.internal.TestMethodWorker.invokeTestMethods(TestMethodWorker.java:146)<br> org.testng.internal.TestMethodWorker.run(TestMethodWorker.java:128)<br> java.base/java.util.concurrent.ThreadPoolExecutor.runWorker(ThreadPoolExecutor.java:1136)<br> java.base/java.util.concurrent.ThreadPoolExecutor$Worker.run(ThreadPoolExecutor.java:635)<br> java.base/java.lang.Thread.run(Thread.java:833)]</details>
				</td>
			</tr>
	</tbody>
</table>
	                                            </div>    
                                        </div>
                                    </li>
                                    <li class="test-item"  status="fail" test-id="5"
                                            author=""
                                            tag="ShoppingTests DifferentCalculations"
                                            device="">
                                        <div class="status-avatar fail-bg">
                                            <i class="fa fa-times text-white"></i>
                                        </div>
                                        <div class="open-test">
                                            <div class="test-detail"> 
                                                <p class="name">t1_calculations_VAT_YES_RegisteredAccount</p> 
                                                <p class="duration text-sm">0h 1m 6s+7ms</p> 
                                                <span class="datetime">15:22:51 PM</span>
                                            </div>
                                        </div>
                                        <div class="test-contents d-none">
                                            <div class="detail-head">
                                                <div class="p-v-10 d-inline-block"> 
                                                    <div class="info">
                                                        <h5 class="test-status text-fail">t1_calculations_VAT_YES_RegisteredAccount</h5>
                                                        <span class='badge badge-success'>06.16.2023 15:22:51</span>
                                                        <span class='badge badge-danger'>06.16.2023 15:23:57</span>
                                                        <span class='badge badge-default'>0h 1m 6s+7ms</span>
                                                    </div>
                                                    <div class="m-t-15">
			<span class="badge badge-pill badge-default"><i class="fa fa-tag"></i> ShoppingTests</span>
			<span class="badge badge-pill badge-default"><i class="fa fa-tag"></i> DifferentCalculations</span>
                                                    </div>
                                                    <div class="m-t-10 m-l-5">
                                                        The test performs Assertions on different quantities calculations
                                                    </div>
                                                </div>
                                            </div>
	                                            <div class="detail-body mt-4">                                              
<table class="table table-sm">
	<thead><tr>
		<th class="status-col">Status</th>
		<th class="timestamp-col">Timestamp</th>
		<th class="details-col">Details</th>
	</tr></thead>
	<tbody>
			<tr class="event-row">
				<td><i class="fa fa-times text-fail"></i></td>
				<td>3:23:57 PM</td>
				<td>
						<b><font color=red>Screenshot of failure</font></b>
						<img class='r-img' onerror='this.style.display="none"' data-featherlight='C:\Users\PlamenTanev\git\LamdaTestRefact\Shopping\screenshots\Fri_Jun_16_15_23_56_EEST_2023.png' src='C:\Users\PlamenTanev\git\LamdaTestRefact\Shopping\screenshots\Fri_Jun_16_15_23_56_EEST_2023.png' data-src='C:\Users\PlamenTanev\git\LamdaTestRefact\Shopping\screenshots\Fri_Jun_16_15_23_56_EEST_2023.png'>
				</td>
			</tr>
			<tr class="event-row">
				<td><i class="fa fa-times text-fail"></i></td>
				<td>3:23:57 PM</td>
				<td>
						<span class='badge white-text red'>TEST CASE FAILED</span>
				</td>
			</tr>
			<tr class="event-row">
				<td><i class="fa fa-times text-fail"></i></td>
				<td>3:23:57 PM</td>
				<td>
						<details><summary><b><font color=red>Exception Occured:Click to see</font></b ></summary>[Pages.AccountRegisterPage.getUNIT_PRICE(AccountRegisterPage.java:383)<br> Pages.FascadePage.assertionsYesVat(FascadePage.java:224)<br> ShoppingTests.DifferentCalculations.t1_calculations_VAT_YES_RegisteredAccount(DifferentCalculations.java:117)<br> java.base/jdk.internal.reflect.NativeMethodAccessorImpl.invoke0(Native Method)<br> java.base/jdk.internal.reflect.NativeMethodAccessorImpl.invoke(NativeMethodAccessorImpl.java:77)<br> java.base/jdk.internal.reflect.DelegatingMethodAccessorImpl.invoke(DelegatingMethodAccessorImpl.java:43)<br> java.base/java.lang.reflect.Method.invoke(Method.java:568)<br> org.testng.internal.MethodInvocationHelper.invokeMethod(MethodInvocationHelper.java:134)<br> org.testng.internal.TestInvoker.invokeMethod(TestInvoker.java:597)<br> org.testng.internal.TestInvoker.invokeTestMethod(TestInvoker.java:173)<br> org.testng.internal.MethodRunner.runInSequence(MethodRunner.java:46)<br> org.testng.internal.TestInvoker$MethodInvocationAgent.invoke(TestInvoker.java:816)<br> org.testng.internal.TestInvoker.invokeTestMethods(TestInvoker.java:146)<br> org.testng.internal.TestMethodWorker.invokeTestMethods(TestMethodWorker.java:146)<br> org.testng.internal.TestMethodWorker.run(TestMethodWorker.java:128)<br> java.base/java.util.concurrent.ThreadPoolExecutor.runWorker(ThreadPoolExecutor.java:1136)<br> java.base/java.util.concurrent.ThreadPoolExecutor$Worker.run(ThreadPoolExecutor.java:635)<br> java.base/java.lang.Thread.run(Thread.java:833)]</details>
				</td>
			</tr>
	</tbody>
</table>
	                                            </div>    
                                        </div>
                                    </li>
                                    <li class="test-item"  status="fail" test-id="6"
                                            author=""
                                            tag="ShoppingTests DifferentCalculations"
                                            device="">
                                        <div class="status-avatar fail-bg">
                                            <i class="fa fa-times text-white"></i>
                                        </div>
                                        <div class="open-test">
                                            <div class="test-detail"> 
                                                <p class="name">t2_calculationsNO_VAT_RegisteredAccount</p> 
                                                <p class="duration text-sm">0h 1m 45s+155ms</p> 
                                                <span class="datetime">15:23:35 PM</span>
                                            </div>
                                        </div>
                                        <div class="test-contents d-none">
                                            <div class="detail-head">
                                                <div class="p-v-10 d-inline-block"> 
                                                    <div class="info">
                                                        <h5 class="test-status text-fail">t2_calculationsNO_VAT_RegisteredAccount</h5>
                                                        <span class='badge badge-success'>06.16.2023 15:23:35</span>
                                                        <span class='badge badge-danger'>06.16.2023 15:25:20</span>
                                                        <span class='badge badge-default'>0h 1m 45s+155ms</span>
                                                    </div>
                                                    <div class="m-t-15">
			<span class="badge badge-pill badge-default"><i class="fa fa-tag"></i> ShoppingTests</span>
			<span class="badge badge-pill badge-default"><i class="fa fa-tag"></i> DifferentCalculations</span>
                                                    </div>
                                                    <div class="m-t-10 m-l-5">
                                                        The test performs Assertions on different quantities calculations
                                                    </div>
                                                </div>
                                            </div>
	                                            <div class="detail-body mt-4">                                              
<table class="table table-sm">
	<thead><tr>
		<th class="status-col">Status</th>
		<th class="timestamp-col">Timestamp</th>
		<th class="details-col">Details</th>
	</tr></thead>
	<tbody>
			<tr class="event-row">
				<td><i class="fa fa-times text-fail"></i></td>
				<td>3:25:20 PM</td>
				<td>
						<b><font color=red>Screenshot of failure</font></b>
						<img class='r-img' onerror='this.style.display="none"' data-featherlight='C:\Users\PlamenTanev\git\LamdaTestRefact\Shopping\screenshots\Fri_Jun_16_15_25_19_EEST_2023.png' src='C:\Users\PlamenTanev\git\LamdaTestRefact\Shopping\screenshots\Fri_Jun_16_15_25_19_EEST_2023.png' data-src='C:\Users\PlamenTanev\git\LamdaTestRefact\Shopping\screenshots\Fri_Jun_16_15_25_19_EEST_2023.png'>
				</td>
			</tr>
			<tr class="event-row">
				<td><i class="fa fa-times text-fail"></i></td>
				<td>3:25:20 PM</td>
				<td>
						<span class='badge white-text red'>TEST CASE FAILED</span>
				</td>
			</tr>
			<tr class="event-row">
				<td><i class="fa fa-times text-fail"></i></td>
				<td>3:25:20 PM</td>
				<td>
						<details><summary><b><font color=red>Exception Occured:Click to see</font></b ></summary>[org.openqa.selenium.support.ui.WebDriverWait.timeoutException(WebDriverWait.java:95)<br> org.openqa.selenium.support.ui.FluentWait.until(FluentWait.java:272)<br> Utils.TestUtil.waitForElementPresntUsingFluentWait(TestUtil.java:359)<br> Pages.AccountRegisterPage.setQuantity(AccountRegisterPage.java:318)<br> ShoppingTests.DifferentCalculations.t2_calculationsNO_VAT_RegisteredAccount(DifferentCalculations.java:175)<br> java.base/jdk.internal.reflect.NativeMethodAccessorImpl.invoke0(Native Method)<br> java.base/jdk.internal.reflect.NativeMethodAccessorImpl.invoke(NativeMethodAccessorImpl.java:77)<br> java.base/jdk.internal.reflect.DelegatingMethodAccessorImpl.invoke(DelegatingMethodAccessorImpl.java:43)<br> java.base/java.lang.reflect.Method.invoke(Method.java:568)<br> org.testng.internal.MethodInvocationHelper.invokeMethod(MethodInvocationHelper.java:134)<br> org.testng.internal.TestInvoker.invokeMethod(TestInvoker.java:597)<br> org.testng.internal.TestInvoker.invokeTestMethod(TestInvoker.java:173)<br> org.testng.internal.MethodRunner.runInSequence(MethodRunner.java:46)<br> org.testng.internal.TestInvoker$MethodInvocationAgent.invoke(TestInvoker.java:816)<br> org.testng.internal.TestInvoker.invokeTestMethods(TestInvoker.java:146)<br> org.testng.internal.TestMethodWorker.invokeTestMethods(TestMethodWorker.java:146)<br> org.testng.internal.TestMethodWorker.run(TestMethodWorker.java:128)<br> java.base/java.util.concurrent.ThreadPoolExecutor.runWorker(ThreadPoolExecutor.java:1136)<br> java.base/java.util.concurrent.ThreadPoolExecutor$Worker.run(ThreadPoolExecutor.java:635)<br> java.base/java.lang.Thread.run(Thread.java:833)]</details>
				</td>
			</tr>
	</tbody>
</table>
	                                            </div>    
                                        </div>
                                    </li>
                                    <li class="test-item"  status="pass" test-id="7"
                                            author=""
                                            tag="ShoppingTests DifferentCalculations"
                                            device="">
                                        <div class="status-avatar pass-bg">
                                            <i class="fa fa-check text-white"></i>
                                        </div>
                                        <div class="open-test">
                                            <div class="test-detail"> 
                                                <p class="name">t3_facadeRegisteredAccountNoVAT</p> 
                                                <p class="duration text-sm">0h 0m 53s+428ms</p> 
                                                <span class="datetime">15:24:16 PM</span>
                                            </div>
                                        </div>
                                        <div class="test-contents d-none">
                                            <div class="detail-head">
                                                <div class="p-v-10 d-inline-block"> 
                                                    <div class="info">
                                                        <h5 class="test-status text-pass">t3_facadeRegisteredAccountNoVAT</h5>
                                                        <span class='badge badge-success'>06.16.2023 15:24:16</span>
                                                        <span class='badge badge-danger'>06.16.2023 15:25:09</span>
                                                        <span class='badge badge-default'>0h 0m 53s+428ms</span>
                                                    </div>
                                                    <div class="m-t-15">
			<span class="badge badge-pill badge-default"><i class="fa fa-tag"></i> ShoppingTests</span>
			<span class="badge badge-pill badge-default"><i class="fa fa-tag"></i> DifferentCalculations</span>
                                                    </div>
                                                    <div class="m-t-10 m-l-5">
                                                        The test performs Assertions on different quantities calculations
                                                    </div>
                                                </div>
                                            </div>
	                                            <div class="detail-body mt-4">                                              
<table class="table table-sm">
	<thead><tr>
		<th class="status-col">Status</th>
		<th class="timestamp-col">Timestamp</th>
		<th class="details-col">Details</th>
	</tr></thead>
	<tbody>
			<tr class="event-row">
				<td><i class="fa fa-check text-pass"></i></td>
				<td>3:25:09 PM</td>
				<td>
						<span class='badge white-text green'><b>TEST CASE:- T3_FACADEREGISTEREDACCOUNTNOVAT PASSED</b></span>
				</td>
			</tr>
	</tbody>
</table>
	                                            </div>    
                                        </div>
                                    </li>
                                    <li class="test-item"  status="fail" test-id="8"
                                            author=""
                                            tag="ShoppingTests DifferentCalculations"
                                            device="">
                                        <div class="status-avatar fail-bg">
                                            <i class="fa fa-times text-white"></i>
                                        </div>
                                        <div class="open-test">
                                            <div class="test-detail"> 
                                                <p class="name">t3_facadeRegisteredAccountNoVAT</p> 
                                                <p class="duration text-sm">0h 0m 51s+6ms</p> 
                                                <span class="datetime">15:25:25 PM</span>
                                            </div>
                                        </div>
                                        <div class="test-contents d-none">
                                            <div class="detail-head">
                                                <div class="p-v-10 d-inline-block"> 
                                                    <div class="info">
                                                        <h5 class="test-status text-fail">t3_facadeRegisteredAccountNoVAT</h5>
                                                        <span class='badge badge-success'>06.16.2023 15:25:25</span>
                                                        <span class='badge badge-danger'>06.16.2023 15:26:16</span>
                                                        <span class='badge badge-default'>0h 0m 51s+6ms</span>
                                                    </div>
                                                    <div class="m-t-15">
			<span class="badge badge-pill badge-default"><i class="fa fa-tag"></i> ShoppingTests</span>
			<span class="badge badge-pill badge-default"><i class="fa fa-tag"></i> DifferentCalculations</span>
                                                    </div>
                                                    <div class="m-t-10 m-l-5">
                                                        The test performs Assertions on different quantities calculations
                                                    </div>
                                                </div>
                                            </div>
	                                            <div class="detail-body mt-4">                                              
<table class="table table-sm">
	<thead><tr>
		<th class="status-col">Status</th>
		<th class="timestamp-col">Timestamp</th>
		<th class="details-col">Details</th>
	</tr></thead>
	<tbody>
			<tr class="event-row">
				<td><i class="fa fa-times text-fail"></i></td>
				<td>3:26:16 PM</td>
				<td>
						<b><font color=red>Screenshot of failure</font></b>
						<img class='r-img' onerror='this.style.display="none"' data-featherlight='C:\Users\PlamenTanev\git\LamdaTestRefact\Shopping\screenshots\Fri_Jun_16_15_26_16_EEST_2023.png' src='C:\Users\PlamenTanev\git\LamdaTestRefact\Shopping\screenshots\Fri_Jun_16_15_26_16_EEST_2023.png' data-src='C:\Users\PlamenTanev\git\LamdaTestRefact\Shopping\screenshots\Fri_Jun_16_15_26_16_EEST_2023.png'>
				</td>
			</tr>
			<tr class="event-row">
				<td><i class="fa fa-times text-fail"></i></td>
				<td>3:26:16 PM</td>
				<td>
						<span class='badge white-text red'>TEST CASE FAILED</span>
				</td>
			</tr>
			<tr class="event-row">
				<td><i class="fa fa-times text-fail"></i></td>
				<td>3:26:16 PM</td>
				<td>
						<details><summary><b><font color=red>Exception Occured:Click to see</font></b ></summary>[java.base/jdk.internal.reflect.NativeConstructorAccessorImpl.newInstance0(Native Method)<br> java.base/jdk.internal.reflect.NativeConstructorAccessorImpl.newInstance(NativeConstructorAccessorImpl.java:77)<br> java.base/jdk.internal.reflect.DelegatingConstructorAccessorImpl.newInstance(DelegatingConstructorAccessorImpl.java:45)<br> java.base/java.lang.reflect.Constructor.newInstanceWithCaller(Constructor.java:499)<br> java.base/java.lang.reflect.Constructor.newInstance(Constructor.java:480)<br> org.openqa.selenium.remote.http.W3CHttpResponseCodec.createException(W3CHttpResponseCodec.java:187)<br> org.openqa.selenium.remote.http.W3CHttpResponseCodec.decode(W3CHttpResponseCodec.java:122)<br> org.openqa.selenium.remote.http.W3CHttpResponseCodec.decode(W3CHttpResponseCodec.java:49)<br> org.openqa.selenium.remote.HttpCommandExecutor.execute(HttpCommandExecutor.java:158)<br> org.openqa.selenium.remote.service.DriverCommandExecutor.execute(DriverCommandExecutor.java:83)<br> org.openqa.selenium.remote.RemoteWebDriver.execute(RemoteWebDriver.java:552)<br> org.openqa.selenium.remote.RemoteWebDriver.findElement(RemoteWebDriver.java:323)<br> org.openqa.selenium.remote.RemoteWebDriver.findElementByXPath(RemoteWebDriver.java:428)<br> org.openqa.selenium.By$ByXPath.findElement(By.java:353)<br> org.openqa.selenium.remote.RemoteWebDriver.findElement(RemoteWebDriver.java:315)<br> jdk.internal.reflect.GeneratedMethodAccessor4.invoke(Unknown Source)<br> java.base/jdk.internal.reflect.DelegatingMethodAccessorImpl.invoke(DelegatingMethodAccessorImpl.java:43)<br> java.base/java.lang.reflect.Method.invoke(Method.java:568)<br> org.openqa.selenium.support.events.EventFiringWebDriver.lambda$new$1(EventFiringWebDriver.java:105)<br> jdk.proxy2/jdk.proxy2.$Proxy11.findElement(Unknown Source)<br> org.openqa.selenium.support.events.EventFiringWebDriver.findElement(EventFiringWebDriver.java:194)<br> Pages.AccountRegisterPage.subTotalValue(AccountRegisterPage.java:344)<br> Pages.AccountRegisterPage.getSubTotalAmount(AccountRegisterPage.java:391)<br> Pages.FascadePage.assertionsNoVat(FascadePage.java:217)<br> ShoppingTests.DifferentCalculations.t3_facadeRegisteredAccountNoVAT(DifferentCalculations.java:227)<br> java.base/jdk.internal.reflect.NativeMethodAccessorImpl.invoke0(Native Method)<br> java.base/jdk.internal.reflect.NativeMethodAccessorImpl.invoke(NativeMethodAccessorImpl.java:77)<br> java.base/jdk.internal.reflect.DelegatingMethodAccessorImpl.invoke(DelegatingMethodAccessorImpl.java:43)<br> java.base/java.lang.reflect.Method.invoke(Method.java:568)<br> org.testng.internal.MethodInvocationHelper.invokeMethod(MethodInvocationHelper.java:134)<br> org.testng.internal.TestInvoker.invokeMethod(TestInvoker.java:597)<br> org.testng.internal.TestInvoker.invokeTestMethod(TestInvoker.java:173)<br> org.testng.internal.MethodRunner.runInSequence(MethodRunner.java:46)<br> org.testng.internal.TestInvoker$MethodInvocationAgent.invoke(TestInvoker.java:816)<br> org.testng.internal.TestInvoker.invokeTestMethods(TestInvoker.java:146)<br> org.testng.internal.TestMethodWorker.invokeTestMethods(TestMethodWorker.java:146)<br> org.testng.internal.TestMethodWorker.run(TestMethodWorker.java:128)<br> java.base/java.util.concurrent.ThreadPoolExecutor.runWorker(ThreadPoolExecutor.java:1136)<br> java.base/java.util.concurrent.ThreadPoolExecutor$Worker.run(ThreadPoolExecutor.java:635)<br> java.base/java.lang.Thread.run(Thread.java:833)]</details>
				</td>
			</tr>
	</tbody>
</table>
	                                            </div>    
                                        </div>
                                    </li>
                                    <li class="test-item"  status="fail" test-id="9"
                                            author=""
                                            tag="ShoppingTests DifferentCalculations"
                                            device="">
                                        <div class="status-avatar fail-bg">
                                            <i class="fa fa-times text-white"></i>
                                        </div>
                                        <div class="open-test">
                                            <div class="test-detail"> 
                                                <p class="name">t4_fascadeCalculations_VAT_NO_GuestAccount</p> 
                                                <p class="duration text-sm">0h 0m 45s+414ms</p> 
                                                <span class="datetime">15:25:26 PM</span>
                                            </div>
                                        </div>
                                        <div class="test-contents d-none">
                                            <div class="detail-head">
                                                <div class="p-v-10 d-inline-block"> 
                                                    <div class="info">
                                                        <h5 class="test-status text-fail">t4_fascadeCalculations_VAT_NO_GuestAccount</h5>
                                                        <span class='badge badge-success'>06.16.2023 15:25:26</span>
                                                        <span class='badge badge-danger'>06.16.2023 15:26:12</span>
                                                        <span class='badge badge-default'>0h 0m 45s+414ms</span>
                                                    </div>
                                                    <div class="m-t-15">
			<span class="badge badge-pill badge-default"><i class="fa fa-tag"></i> ShoppingTests</span>
			<span class="badge badge-pill badge-default"><i class="fa fa-tag"></i> DifferentCalculations</span>
                                                    </div>
                                                    <div class="m-t-10 m-l-5">
                                                        The test performs Assertions on different quantities calculations
                                                    </div>
                                                </div>
                                            </div>
	                                            <div class="detail-body mt-4">                                              
<table class="table table-sm">
	<thead><tr>
		<th class="status-col">Status</th>
		<th class="timestamp-col">Timestamp</th>
		<th class="details-col">Details</th>
	</tr></thead>
	<tbody>
			<tr class="event-row">
				<td><i class="fa fa-times text-fail"></i></td>
				<td>3:26:12 PM</td>
				<td>
						<b><font color=red>Screenshot of failure</font></b>
						<img class='r-img' onerror='this.style.display="none"' data-featherlight='C:\Users\PlamenTanev\git\LamdaTestRefact\Shopping\screenshots\Fri_Jun_16_15_26_11_EEST_2023.png' src='C:\Users\PlamenTanev\git\LamdaTestRefact\Shopping\screenshots\Fri_Jun_16_15_26_11_EEST_2023.png' data-src='C:\Users\PlamenTanev\git\LamdaTestRefact\Shopping\screenshots\Fri_Jun_16_15_26_11_EEST_2023.png'>
				</td>
			</tr>
			<tr class="event-row">
				<td><i class="fa fa-times text-fail"></i></td>
				<td>3:26:12 PM</td>
				<td>
						<span class='badge white-text red'>TEST CASE FAILED</span>
				</td>
			</tr>
			<tr class="event-row">
				<td><i class="fa fa-times text-fail"></i></td>
				<td>3:26:12 PM</td>
				<td>
						<details><summary><b><font color=red>Exception Occured:Click to see</font></b ></summary>[jdk.internal.reflect.GeneratedConstructorAccessor14.newInstance(Unknown Source)<br> java.base/jdk.internal.reflect.DelegatingConstructorAccessorImpl.newInstance(DelegatingConstructorAccessorImpl.java:45)<br> java.base/java.lang.reflect.Constructor.newInstanceWithCaller(Constructor.java:499)<br> java.base/java.lang.reflect.Constructor.newInstance(Constructor.java:480)<br> org.openqa.selenium.remote.http.W3CHttpResponseCodec.createException(W3CHttpResponseCodec.java:187)<br> org.openqa.selenium.remote.http.W3CHttpResponseCodec.decode(W3CHttpResponseCodec.java:122)<br> org.openqa.selenium.remote.http.W3CHttpResponseCodec.decode(W3CHttpResponseCodec.java:49)<br> org.openqa.selenium.remote.HttpCommandExecutor.execute(HttpCommandExecutor.java:158)<br> org.openqa.selenium.remote.service.DriverCommandExecutor.execute(DriverCommandExecutor.java:83)<br> org.openqa.selenium.remote.RemoteWebDriver.execute(RemoteWebDriver.java:552)<br> org.openqa.selenium.remote.RemoteWebElement.execute(RemoteWebElement.java:285)<br> org.openqa.selenium.remote.RemoteWebElement.getText(RemoteWebElement.java:166)<br> jdk.internal.reflect.GeneratedMethodAccessor10.invoke(Unknown Source)<br> java.base/jdk.internal.reflect.DelegatingMethodAccessorImpl.invoke(DelegatingMethodAccessorImpl.java:43)<br> java.base/java.lang.reflect.Method.invoke(Method.java:568)<br> org.openqa.selenium.support.events.EventFiringWebDriver$EventFiringWebElement.lambda$new$0(EventFiringWebDriver.java:404)<br> jdk.proxy2/jdk.proxy2.$Proxy12.getText(Unknown Source)<br> org.openqa.selenium.support.events.EventFiringWebDriver$EventFiringWebElement.getText(EventFiringWebDriver.java:463)<br> Pages.AccountRegisterPage.getUNIT_PRICE(AccountRegisterPage.java:383)<br> Pages.FascadePage.assertionsNoVat(FascadePage.java:206)<br> ShoppingTests.DifferentCalculations.t4_fascadeCalculations_VAT_NO_GuestAccount(DifferentCalculations.java:268)<br> java.base/jdk.internal.reflect.NativeMethodAccessorImpl.invoke0(Native Method)<br> java.base/jdk.internal.reflect.NativeMethodAccessorImpl.invoke(NativeMethodAccessorImpl.java:77)<br> java.base/jdk.internal.reflect.DelegatingMethodAccessorImpl.invoke(DelegatingMethodAccessorImpl.java:43)<br> java.base/java.lang.reflect.Method.invoke(Method.java:568)<br> org.testng.internal.MethodInvocationHelper.invokeMethod(MethodInvocationHelper.java:134)<br> org.testng.internal.TestInvoker.invokeMethod(TestInvoker.java:597)<br> org.testng.internal.TestInvoker.invokeTestMethod(TestInvoker.java:173)<br> org.testng.internal.MethodRunner.runInSequence(MethodRunner.java:46)<br> org.testng.internal.TestInvoker$MethodInvocationAgent.invoke(TestInvoker.java:816)<br> org.testng.internal.TestInvoker.invokeTestMethods(TestInvoker.java:146)<br> org.testng.internal.TestMethodWorker.invokeTestMethods(TestMethodWorker.java:146)<br> org.testng.internal.TestMethodWorker.run(TestMethodWorker.java:128)<br> java.base/java.util.concurrent.ThreadPoolExecutor.runWorker(ThreadPoolExecutor.java:1136)<br> java.base/java.util.concurrent.ThreadPoolExecutor$Worker.run(ThreadPoolExecutor.java:635)<br> java.base/java.lang.Thread.run(Thread.java:833)]</details>
				</td>
			</tr>
	</tbody>
</table>
	                                            </div>    
                                        </div>
                                    </li>
                                    <li class="test-item"  status="fail" test-id="10"
                                            author=""
                                            tag="ShoppingTests DifferentCalculations"
                                            device="">
                                        <div class="status-avatar fail-bg">
                                            <i class="fa fa-times text-white"></i>
                                        </div>
                                        <div class="open-test">
                                            <div class="test-detail"> 
                                                <p class="name">t4_fascadeCalculations_VAT_NO_GuestAccount</p> 
                                                <p class="duration text-sm">0h 1m 16s+167ms</p> 
                                                <span class="datetime">15:26:20 PM</span>
                                            </div>
                                        </div>
                                        <div class="test-contents d-none">
                                            <div class="detail-head">
                                                <div class="p-v-10 d-inline-block"> 
                                                    <div class="info">
                                                        <h5 class="test-status text-fail">t4_fascadeCalculations_VAT_NO_GuestAccount</h5>
                                                        <span class='badge badge-success'>06.16.2023 15:26:20</span>
                                                        <span class='badge badge-danger'>06.16.2023 15:27:37</span>
                                                        <span class='badge badge-default'>0h 1m 16s+167ms</span>
                                                    </div>
                                                    <div class="m-t-15">
			<span class="badge badge-pill badge-default"><i class="fa fa-tag"></i> ShoppingTests</span>
			<span class="badge badge-pill badge-default"><i class="fa fa-tag"></i> DifferentCalculations</span>
                                                    </div>
                                                    <div class="m-t-10 m-l-5">
                                                        The test performs Assertions on different quantities calculations
                                                    </div>
                                                </div>
                                            </div>
	                                            <div class="detail-body mt-4">                                              
<table class="table table-sm">
	<thead><tr>
		<th class="status-col">Status</th>
		<th class="timestamp-col">Timestamp</th>
		<th class="details-col">Details</th>
	</tr></thead>
	<tbody>
			<tr class="event-row">
				<td><i class="fa fa-times text-fail"></i></td>
				<td>3:27:37 PM</td>
				<td>
						<b><font color=red>Screenshot of failure</font></b>
						<img class='r-img' onerror='this.style.display="none"' data-featherlight='C:\Users\PlamenTanev\git\LamdaTestRefact\Shopping\screenshots\Fri_Jun_16_15_27_36_EEST_2023.png' src='C:\Users\PlamenTanev\git\LamdaTestRefact\Shopping\screenshots\Fri_Jun_16_15_27_36_EEST_2023.png' data-src='C:\Users\PlamenTanev\git\LamdaTestRefact\Shopping\screenshots\Fri_Jun_16_15_27_36_EEST_2023.png'>
				</td>
			</tr>
			<tr class="event-row">
				<td><i class="fa fa-times text-fail"></i></td>
				<td>3:27:37 PM</td>
				<td>
						<span class='badge white-text red'>TEST CASE FAILED</span>
				</td>
			</tr>
			<tr class="event-row">
				<td><i class="fa fa-times text-fail"></i></td>
				<td>3:27:37 PM</td>
				<td>
						<details><summary><b><font color=red>Exception Occured:Click to see</font></b ></summary>[org.testng.Assert.fail(Assert.java:97)<br> org.testng.Assert.failNotEquals(Assert.java:969)<br> org.testng.Assert.assertEquals(Assert.java:640)<br> org.testng.Assert.assertEquals(Assert.java:651)<br> Pages.FascadePage.assertionsNoVat(FascadePage.java:217)<br> ShoppingTests.DifferentCalculations.t4_fascadeCalculations_VAT_NO_GuestAccount(DifferentCalculations.java:268)<br> java.base/jdk.internal.reflect.NativeMethodAccessorImpl.invoke0(Native Method)<br> java.base/jdk.internal.reflect.NativeMethodAccessorImpl.invoke(NativeMethodAccessorImpl.java:77)<br> java.base/jdk.internal.reflect.DelegatingMethodAccessorImpl.invoke(DelegatingMethodAccessorImpl.java:43)<br> java.base/java.lang.reflect.Method.invoke(Method.java:568)<br> org.testng.internal.MethodInvocationHelper.invokeMethod(MethodInvocationHelper.java:134)<br> org.testng.internal.TestInvoker.invokeMethod(TestInvoker.java:597)<br> org.testng.internal.TestInvoker.invokeTestMethod(TestInvoker.java:173)<br> org.testng.internal.MethodRunner.runInSequence(MethodRunner.java:46)<br> org.testng.internal.TestInvoker$MethodInvocationAgent.invoke(TestInvoker.java:816)<br> org.testng.internal.TestInvoker.invokeTestMethods(TestInvoker.java:146)<br> org.testng.internal.TestMethodWorker.invokeTestMethods(TestMethodWorker.java:146)<br> org.testng.internal.TestMethodWorker.run(TestMethodWorker.java:128)<br> java.base/java.util.concurrent.ThreadPoolExecutor.runWorker(ThreadPoolExecutor.java:1136)<br> java.base/java.util.concurrent.ThreadPoolExecutor$Worker.run(ThreadPoolExecutor.java:635)<br> java.base/java.lang.Thread.run(Thread.java:833)]</details>
				</td>
			</tr>
	</tbody>
</table>
	                                            </div>    
                                        </div>
                                    </li>
                                    <li class="test-item"  status="pass" test-id="11"
                                            author=""
                                            tag="ShoppingTests DifferentCalculations"
                                            device="">
                                        <div class="status-avatar pass-bg">
                                            <i class="fa fa-check text-white"></i>
                                        </div>
                                        <div class="open-test">
                                            <div class="test-detail"> 
                                                <p class="name">t3_facadeRegisteredAccountNoVAT</p> 
                                                <p class="duration text-sm">0h 1m 26s+286ms</p> 
                                                <span class="datetime">15:26:25 PM</span>
                                            </div>
                                        </div>
                                        <div class="test-contents d-none">
                                            <div class="detail-head">
                                                <div class="p-v-10 d-inline-block"> 
                                                    <div class="info">
                                                        <h5 class="test-status text-pass">t3_facadeRegisteredAccountNoVAT</h5>
                                                        <span class='badge badge-success'>06.16.2023 15:26:25</span>
                                                        <span class='badge badge-danger'>06.16.2023 15:27:52</span>
                                                        <span class='badge badge-default'>0h 1m 26s+286ms</span>
                                                    </div>
                                                    <div class="m-t-15">
			<span class="badge badge-pill badge-default"><i class="fa fa-tag"></i> ShoppingTests</span>
			<span class="badge badge-pill badge-default"><i class="fa fa-tag"></i> DifferentCalculations</span>
                                                    </div>
                                                    <div class="m-t-10 m-l-5">
                                                        The test performs Assertions on different quantities calculations
                                                    </div>
                                                </div>
                                            </div>
	                                            <div class="detail-body mt-4">                                              
<table class="table table-sm">
	<thead><tr>
		<th class="status-col">Status</th>
		<th class="timestamp-col">Timestamp</th>
		<th class="details-col">Details</th>
	</tr></thead>
	<tbody>
			<tr class="event-row">
				<td><i class="fa fa-check text-pass"></i></td>
				<td>3:27:52 PM</td>
				<td>
						<span class='badge white-text green'><b>TEST CASE:- T3_FACADEREGISTEREDACCOUNTNOVAT PASSED</b></span>
				</td>
			</tr>
	</tbody>
</table>
	                                            </div>    
                                        </div>
                                    </li>
                                    <li class="test-item"  status="fail" test-id="12"
                                            author=""
                                            tag="ShoppingTests DifferentCalculations"
                                            device="">
                                        <div class="status-avatar fail-bg">
                                            <i class="fa fa-times text-white"></i>
                                        </div>
                                        <div class="open-test">
                                            <div class="test-detail"> 
                                                <p class="name">t4_fascadeCalculations_VAT_NO_GuestAccount</p> 
                                                <p class="duration text-sm">0h 1m 15s+772ms</p> 
                                                <span class="datetime">15:27:48 PM</span>
                                            </div>
                                        </div>
                                        <div class="test-contents d-none">
                                            <div class="detail-head">
                                                <div class="p-v-10 d-inline-block"> 
                                                    <div class="info">
                                                        <h5 class="test-status text-fail">t4_fascadeCalculations_VAT_NO_GuestAccount</h5>
                                                        <span class='badge badge-success'>06.16.2023 15:27:48</span>
                                                        <span class='badge badge-danger'>06.16.2023 15:29:03</span>
                                                        <span class='badge badge-default'>0h 1m 15s+772ms</span>
                                                    </div>
                                                    <div class="m-t-15">
			<span class="badge badge-pill badge-default"><i class="fa fa-tag"></i> ShoppingTests</span>
			<span class="badge badge-pill badge-default"><i class="fa fa-tag"></i> DifferentCalculations</span>
                                                    </div>
                                                    <div class="m-t-10 m-l-5">
                                                        The test performs Assertions on different quantities calculations
                                                    </div>
                                                </div>
                                            </div>
	                                            <div class="detail-body mt-4">                                              
<table class="table table-sm">
	<thead><tr>
		<th class="status-col">Status</th>
		<th class="timestamp-col">Timestamp</th>
		<th class="details-col">Details</th>
	</tr></thead>
	<tbody>
			<tr class="event-row">
				<td><i class="fa fa-times text-fail"></i></td>
				<td>3:29:03 PM</td>
				<td>
						<b><font color=red>Screenshot of failure</font></b>
						<img class='r-img' onerror='this.style.display="none"' data-featherlight='C:\Users\PlamenTanev\git\LamdaTestRefact\Shopping\screenshots\Fri_Jun_16_15_29_03_EEST_2023.png' src='C:\Users\PlamenTanev\git\LamdaTestRefact\Shopping\screenshots\Fri_Jun_16_15_29_03_EEST_2023.png' data-src='C:\Users\PlamenTanev\git\LamdaTestRefact\Shopping\screenshots\Fri_Jun_16_15_29_03_EEST_2023.png'>
				</td>
			</tr>
			<tr class="event-row">
				<td><i class="fa fa-times text-fail"></i></td>
				<td>3:29:03 PM</td>
				<td>
						<span class='badge white-text red'>TEST CASE FAILED</span>
				</td>
			</tr>
			<tr class="event-row">
				<td><i class="fa fa-times text-fail"></i></td>
				<td>3:29:03 PM</td>
				<td>
						<details><summary><b><font color=red>Exception Occured:Click to see</font></b ></summary>[jdk.internal.reflect.GeneratedConstructorAccessor14.newInstance(Unknown Source)<br> java.base/jdk.internal.reflect.DelegatingConstructorAccessorImpl.newInstance(DelegatingConstructorAccessorImpl.java:45)<br> java.base/java.lang.reflect.Constructor.newInstanceWithCaller(Constructor.java:499)<br> java.base/java.lang.reflect.Constructor.newInstance(Constructor.java:480)<br> org.openqa.selenium.remote.http.W3CHttpResponseCodec.createException(W3CHttpResponseCodec.java:187)<br> org.openqa.selenium.remote.http.W3CHttpResponseCodec.decode(W3CHttpResponseCodec.java:122)<br> org.openqa.selenium.remote.http.W3CHttpResponseCodec.decode(W3CHttpResponseCodec.java:49)<br> org.openqa.selenium.remote.HttpCommandExecutor.execute(HttpCommandExecutor.java:158)<br> org.openqa.selenium.remote.service.DriverCommandExecutor.execute(DriverCommandExecutor.java:83)<br> org.openqa.selenium.remote.RemoteWebDriver.execute(RemoteWebDriver.java:552)<br> org.openqa.selenium.remote.RemoteWebElement.execute(RemoteWebElement.java:285)<br> org.openqa.selenium.remote.RemoteWebElement.getText(RemoteWebElement.java:166)<br> jdk.internal.reflect.GeneratedMethodAccessor10.invoke(Unknown Source)<br> java.base/jdk.internal.reflect.DelegatingMethodAccessorImpl.invoke(DelegatingMethodAccessorImpl.java:43)<br> java.base/java.lang.reflect.Method.invoke(Method.java:568)<br> org.openqa.selenium.support.events.EventFiringWebDriver$EventFiringWebElement.lambda$new$0(EventFiringWebDriver.java:404)<br> jdk.proxy2/jdk.proxy2.$Proxy12.getText(Unknown Source)<br> org.openqa.selenium.support.events.EventFiringWebDriver$EventFiringWebElement.getText(EventFiringWebDriver.java:463)<br> Pages.AccountRegisterPage.getUNIT_PRICE(AccountRegisterPage.java:383)<br> Pages.FascadePage.assertionsNoVat(FascadePage.java:206)<br> ShoppingTests.DifferentCalculations.t4_fascadeCalculations_VAT_NO_GuestAccount(DifferentCalculations.java:268)<br> java.base/jdk.internal.reflect.NativeMethodAccessorImpl.invoke0(Native Method)<br> java.base/jdk.internal.reflect.NativeMethodAccessorImpl.invoke(NativeMethodAccessorImpl.java:77)<br> java.base/jdk.internal.reflect.DelegatingMethodAccessorImpl.invoke(DelegatingMethodAccessorImpl.java:43)<br> java.base/java.lang.reflect.Method.invoke(Method.java:568)<br> org.testng.internal.MethodInvocationHelper.invokeMethod(MethodInvocationHelper.java:134)<br> org.testng.internal.TestInvoker.invokeMethod(TestInvoker.java:597)<br> org.testng.internal.TestInvoker.invokeTestMethod(TestInvoker.java:173)<br> org.testng.internal.MethodRunner.runInSequence(MethodRunner.java:46)<br> org.testng.internal.TestInvoker$MethodInvocationAgent.invoke(TestInvoker.java:816)<br> org.testng.internal.TestInvoker.invokeTestMethods(TestInvoker.java:146)<br> org.testng.internal.TestMethodWorker.invokeTestMethods(TestMethodWorker.java:146)<br> org.testng.internal.TestMethodWorker.run(TestMethodWorker.java:128)<br> java.base/java.util.concurrent.ThreadPoolExecutor.runWorker(ThreadPoolExecutor.java:1136)<br> java.base/java.util.concurrent.ThreadPoolExecutor$Worker.run(ThreadPoolExecutor.java:635)<br> java.base/java.lang.Thread.run(Thread.java:833)]</details>
				</td>
			</tr>
	</tbody>
</table>
	                                            </div>    
                                        </div>
                                    </li>
                                    <li class="test-item"  status="pass" test-id="13"
                                            author=""
                                            tag="ShoppingTests TESTS_HomePageDP"
                                            device="">
                                        <div class="status-avatar pass-bg">
                                            <i class="fa fa-check text-white"></i>
                                        </div>
                                        <div class="open-test">
                                            <div class="test-detail"> 
                                                <p class="name">t3_search_ProductInTheSearchFieldAndVerifyResults</p> 
                                                <p class="duration text-sm">0h 0m 20s+563ms</p> 
                                                <span class="datetime">15:28:00 PM</span>
                                            </div>
                                        </div>
                                        <div class="test-contents d-none">
                                            <div class="detail-head">
                                                <div class="p-v-10 d-inline-block"> 
                                                    <div class="info">
                                                        <h5 class="test-status text-pass">t3_search_ProductInTheSearchFieldAndVerifyResults</h5>
                                                        <span class='badge badge-success'>06.16.2023 15:28:00</span>
                                                        <span class='badge badge-danger'>06.16.2023 15:28:21</span>
                                                        <span class='badge badge-default'>0h 0m 20s+563ms</span>
                                                    </div>
                                                    <div class="m-t-15">
			<span class="badge badge-pill badge-default"><i class="fa fa-tag"></i> ShoppingTests</span>
			<span class="badge badge-pill badge-default"><i class="fa fa-tag"></i> TESTS_HomePageDP</span>
                                                    </div>
                                                    <div class="m-t-10 m-l-5">
                                                        The test will search multiple products in the search and Assert the size of the products as results
                                                    </div>
                                                </div>
                                            </div>
	                                            <div class="detail-body mt-4">                                              
<table class="table table-sm">
	<thead><tr>
		<th class="status-col">Status</th>
		<th class="timestamp-col">Timestamp</th>
		<th class="details-col">Details</th>
	</tr></thead>
	<tbody>
			<tr class="event-row">
				<td><i class="fa fa-check text-pass"></i></td>
				<td>3:28:21 PM</td>
				<td>
						<span class='badge white-text green'><b>TEST CASE:- T3_SEARCH_PRODUCTINTHESEARCHFIELDANDVERIFYRESULTS PASSED</b></span>
				</td>
			</tr>
	</tbody>
</table>
	                                            </div>    
                                        </div>
                                    </li>
                                    <li class="test-item"  status="pass" test-id="14"
                                            author=""
                                            tag="ShoppingTests TESTS_HomePageDP"
                                            device="">
                                        <div class="status-avatar pass-bg">
                                            <i class="fa fa-check text-white"></i>
                                        </div>
                                        <div class="open-test">
                                            <div class="test-detail"> 
                                                <p class="name">t3_search_ProductInTheSearchFieldAndVerifyResults</p> 
                                                <p class="duration text-sm">0h 1m 14s+742ms</p> 
                                                <span class="datetime">15:28:55 PM</span>
                                            </div>
                                        </div>
                                        <div class="test-contents d-none">
                                            <div class="detail-head">
                                                <div class="p-v-10 d-inline-block"> 
                                                    <div class="info">
                                                        <h5 class="test-status text-pass">t3_search_ProductInTheSearchFieldAndVerifyResults</h5>
                                                        <span class='badge badge-success'>06.16.2023 15:28:55</span>
                                                        <span class='badge badge-danger'>06.16.2023 15:30:09</span>
                                                        <span class='badge badge-default'>0h 1m 14s+742ms</span>
                                                    </div>
                                                    <div class="m-t-15">
			<span class="badge badge-pill badge-default"><i class="fa fa-tag"></i> ShoppingTests</span>
			<span class="badge badge-pill badge-default"><i class="fa fa-tag"></i> TESTS_HomePageDP</span>
                                                    </div>
                                                    <div class="m-t-10 m-l-5">
                                                        The test will search multiple products in the search and Assert the size of the products as results
                                                    </div>
                                                </div>
                                            </div>
	                                            <div class="detail-body mt-4">                                              
<table class="table table-sm">
	<thead><tr>
		<th class="status-col">Status</th>
		<th class="timestamp-col">Timestamp</th>
		<th class="details-col">Details</th>
	</tr></thead>
	<tbody>
			<tr class="event-row">
				<td><i class="fa fa-check text-pass"></i></td>
				<td>3:30:09 PM</td>
				<td>
						<span class='badge white-text green'><b>TEST CASE:- T3_SEARCH_PRODUCTINTHESEARCHFIELDANDVERIFYRESULTS PASSED</b></span>
				</td>
			</tr>
	</tbody>
</table>
	                                            </div>    
                                        </div>
                                    </li>
                                    <li class="test-item"  status="pass" test-id="15"
                                            author=""
                                            tag="ShoppingTests TESTS_AddRemoveMultipleItems"
                                            device="">
                                        <div class="status-avatar pass-bg">
                                            <i class="fa fa-check text-white"></i>
                                        </div>
                                        <div class="open-test">
                                            <div class="test-detail"> 
                                                <p class="name">t2_shopingCart_AddMultipleItemsVerification</p> 
                                                <p class="duration text-sm">0h 0m 37s+126ms</p> 
                                                <span class="datetime">15:30:04 PM</span>
                                            </div>
                                        </div>
                                        <div class="test-contents d-none">
                                            <div class="detail-head">
                                                <div class="p-v-10 d-inline-block"> 
                                                    <div class="info">
                                                        <h5 class="test-status text-pass">t2_shopingCart_AddMultipleItemsVerification</h5>
                                                        <span class='badge badge-success'>06.16.2023 15:30:04</span>
                                                        <span class='badge badge-danger'>06.16.2023 15:30:41</span>
                                                        <span class='badge badge-default'>0h 0m 37s+126ms</span>
                                                    </div>
                                                    <div class="m-t-15">
			<span class="badge badge-pill badge-default"><i class="fa fa-tag"></i> ShoppingTests</span>
			<span class="badge badge-pill badge-default"><i class="fa fa-tag"></i> TESTS_AddRemoveMultipleItems</span>
                                                    </div>
                                                    <div class="m-t-10 m-l-5">
                                                        This test performs search product and verifies the found product
                                                    </div>
                                                </div>
                                            </div>
	                                            <div class="detail-body mt-4">                                              
<table class="table table-sm">
	<thead><tr>
		<th class="status-col">Status</th>
		<th class="timestamp-col">Timestamp</th>
		<th class="details-col">Details</th>
	</tr></thead>
	<tbody>
			<tr class="event-row">
				<td><i class="fa fa-check text-pass"></i></td>
				<td>3:30:41 PM</td>
				<td>
						<span class='badge white-text green'><b>TEST CASE:- T2_SHOPINGCART_ADDMULTIPLEITEMSVERIFICATION PASSED</b></span>
				</td>
			</tr>
	</tbody>
</table>
	                                            </div>    
                                        </div>
                                    </li>
                                    <li class="test-item"  status="pass" test-id="16"
                                            author=""
                                            tag="ShoppingTests TESTS_AddRemoveItem"
                                            device="">
                                        <div class="status-avatar pass-bg">
                                            <i class="fa fa-check text-white"></i>
                                        </div>
                                        <div class="open-test">
                                            <div class="test-detail"> 
                                                <p class="name">t1_shoppingCartVerificationAndRemoveProducts</p> 
                                                <p class="duration text-sm">0h 0m 20s+970ms</p> 
                                                <span class="datetime">15:30:28 PM</span>
                                            </div>
                                        </div>
                                        <div class="test-contents d-none">
                                            <div class="detail-head">
                                                <div class="p-v-10 d-inline-block"> 
                                                    <div class="info">
                                                        <h5 class="test-status text-pass">t1_shoppingCartVerificationAndRemoveProducts</h5>
                                                        <span class='badge badge-success'>06.16.2023 15:30:28</span>
                                                        <span class='badge badge-danger'>06.16.2023 15:30:49</span>
                                                        <span class='badge badge-default'>0h 0m 20s+970ms</span>
                                                    </div>
                                                    <div class="m-t-15">
			<span class="badge badge-pill badge-default"><i class="fa fa-tag"></i> ShoppingTests</span>
			<span class="badge badge-pill badge-default"><i class="fa fa-tag"></i> TESTS_AddRemoveItem</span>
                                                    </div>
                                                    <div class="m-t-10 m-l-5">
                                                        This test performs search product and verifies the found product
                                                    </div>
                                                </div>
                                            </div>
	                                            <div class="detail-body mt-4">                                              
<table class="table table-sm">
	<thead><tr>
		<th class="status-col">Status</th>
		<th class="timestamp-col">Timestamp</th>
		<th class="details-col">Details</th>
	</tr></thead>
	<tbody>
			<tr class="event-row">
				<td><i class="fa fa-check text-pass"></i></td>
				<td>3:30:49 PM</td>
				<td>
						<span class='badge white-text green'><b>TEST CASE:- T1_SHOPPINGCARTVERIFICATIONANDREMOVEPRODUCTS PASSED</b></span>
				</td>
			</tr>
	</tbody>
</table>
	                                            </div>    
                                        </div>
                                    </li>
                                </ul>    
                            </div>
                        </div>
                        <div class="test-content scrollable">
                            <div class="test-content-tools">
                                <ul>
                                    <li>
                                        <a class="back-to-test" href="javascript:void(0)">
                                            <i class="fa fa-arrow-left"></i>
                                        </a>
                                    </li>
                                </ul>
                            </div>
                            <div class="test-content-detail">
                                <div class="detail-body"></div>
                            </div>
                        </div>
                    </div>
                </div>
            </div>
        </div>
    </div>
<script src="https://cdn.rawgit.com/extent-framework/extent-github-cdn/543bfe2/spark/js/script.js"></script>
</body>
</html>