<html>
<head>
<title>TestNG:  Purchase order with Logged in user</title>
<link href="../testng.css" rel="stylesheet" type="text/css" />
<link href="../my-testng.css" rel="stylesheet" type="text/css" />

<style type="text/css">
.log { display: none;} 
.stack-trace { display: none;} 
</style>
<script type="text/javascript">
<!--
function flip(e) {
  current = e.style.display;
  if (current == 'block') {
    e.style.display = 'none';
    return 0;
  }
  else {
    e.style.display = 'block';
    return 1;
  }
}

function toggleBox(szDivId, elem, msg1, msg2)
{
  var res = -1;  if (document.getElementById) {
    res = flip(document.getElementById(szDivId));
  }
  else if (document.all) {
    // this is the way old msie versions work
    res = flip(document.all[szDivId]);
  }
  if(elem) {
    if(res == 0) elem.innerHTML = msg1; else elem.innerHTML = msg2;
  }

}

function toggleAllBoxes() {
  if (document.getElementsByTagName) {
    d = document.getElementsByTagName('div');
    for (i = 0; i < d.length; i++) {
      if (d[i].className == 'log') {
        flip(d[i]);
      }
    }
  }
}

// -->
</script>

</head>
<body>
<h2 align='center'>Purchase order with Logged in user</h2><table border='1' align="center">
<tr>
<td>Tests passed/Failed/Skipped:</td><td>0/1/0</td>
</tr><tr>
<td>Started on:</td><td>Wed Jan 25 13:34:30 EET 2023</td>
</tr>
<tr><td>Total time:</td><td>5 seconds (5902 ms)</td>
</tr><tr>
<td>Included groups:</td><td></td>
</tr><tr>
<td>Excluded groups:</td><td></td>
</tr>
</table><p/>
<small><i>(Hover the method name to see the test class name)</i></small><p/>
<table width='100%' border='1' class='invocation-failed'>
<tr><td colspan='4' align='center'><b>FAILED TESTS</b></td></tr>
<tr><td><b>Test method</b></td>
<td width="30%"><b>Exception</b></td>
<td width="10%"><b>Time (seconds)</b></td>
<td><b>Instance</b></td>
</tr>
<tr>
<td title='ShoppingTests.TESTS_PurchaseWithLoggedUser.t1_LoginAndPurchase()'><b>t1_LoginAndPurchase</b><br>Test class: ShoppingTests.TESTS_PurchaseWithLoggedUser<br>Test method: This Test performs Login with valid Credentials and then select item for purhcase and checkout<br/>
<a href="#Output-1144558478" onClick='toggleBox("Output-1144558478", this, "Show output", "Hide output");'>Show output</a>

<a href="#Output-1144558478" onClick="toggleAllBoxes();">Show all outputs</a>
<div class='log' id="Output-1144558478">
Starting test method:t1_LoginAndPurchase<br/>
Successfully opened url 'https://ecommerce-playground.lambdatest.io/index.php?route=account/login'<br/>
 Enter value : HTC Touch HD<br/>
t1_LoginAndPurchase is Failed<br/>
Click to see Screenshot<br/>
<a href=C:\Users\PlamenTanev\git\LambdaTest\Shopping\screenshots\Wed_Jan_25_13_34_36_EET_2023.png></a><br/>
<br>  <img src='C:\Users\PlamenTanev\git\LambdaTest\Shopping\screenshots\Wed_Jan_25_13_34_36_EET_2023.png' height='200' width='200' /><br><br/>
<a target="_blank" href=C:\Users\PlamenTanev\git\LambdaTest\Shopping\screenshots\Wed_Jan_25_13_34_36_EET_2023.png>Screenshot</a><br/>
</div>
</td>
<td><div><pre>java.lang.AssertionError: The following asserts failed:
	expected [2] but found [120]
	at Pages.SHOPPING_CART_PAGE.assertTotalTop_value(SHOPPING_CART_PAGE.java:281)
	at ShoppingTests.TESTS_PurchaseWithLoggedUser.t1_LoginAndPurchase(TESTS_PurchaseWithLoggedUser.java:37)
	at java.base/java.util.ArrayList.forEach(ArrayList.java:1511)
... Removed 27 stack frames</pre></div><a href='#' onClick='toggleBox("stack-trace1144558478", this, "Click to show all stack frames", "Click to hide stack frames")'>Click to show all stack frames</a>
<div class='stack-trace' id='stack-trace1144558478'><pre>java.lang.AssertionError: The following asserts failed:
	expected [2] but found [120]
	at org.testng.asserts.SoftAssert.assertAll(SoftAssert.java:47)
	at org.testng.asserts.SoftAssert.assertAll(SoftAssert.java:31)
	at Pages.SHOPPING_CART_PAGE.assertTotalTop_value(SHOPPING_CART_PAGE.java:281)
	at ShoppingTests.TESTS_PurchaseWithLoggedUser.t1_LoginAndPurchase(TESTS_PurchaseWithLoggedUser.java:37)
	at java.base/jdk.internal.reflect.DirectMethodHandleAccessor.invoke(DirectMethodHandleAccessor.java:104)
	at java.base/java.lang.reflect.Method.invoke(Method.java:578)
	at org.testng.internal.MethodInvocationHelper.invokeMethod(MethodInvocationHelper.java:133)
	at org.testng.internal.TestInvoker.invokeMethod(TestInvoker.java:598)
	at org.testng.internal.TestInvoker.invokeTestMethod(TestInvoker.java:173)
	at org.testng.internal.MethodRunner.runInSequence(MethodRunner.java:46)
	at org.testng.internal.TestInvoker$MethodInvocationAgent.invoke(TestInvoker.java:824)
	at org.testng.internal.TestInvoker.invokeTestMethods(TestInvoker.java:146)
	at org.testng.internal.TestMethodWorker.invokeTestMethods(TestMethodWorker.java:146)
	at org.testng.internal.TestMethodWorker.run(TestMethodWorker.java:128)
	at java.base/java.util.ArrayList.forEach(ArrayList.java:1511)
	at org.testng.TestRunner.privateRun(TestRunner.java:794)
	at org.testng.TestRunner.run(TestRunner.java:596)
	at org.testng.SuiteRunner.runTest(SuiteRunner.java:377)
	at org.testng.SuiteRunner.runSequentially(SuiteRunner.java:371)
	at org.testng.SuiteRunner.privateRun(SuiteRunner.java:332)
	at org.testng.SuiteRunner.run(SuiteRunner.java:276)
	at org.testng.SuiteRunnerWorker.runSuite(SuiteRunnerWorker.java:53)
	at org.testng.SuiteRunnerWorker.run(SuiteRunnerWorker.java:96)
	at org.testng.TestNG.runSuitesSequentially(TestNG.java:1212)
	at org.testng.TestNG.runSuitesLocally(TestNG.java:1134)
	at org.testng.TestNG.runSuites(TestNG.java:1063)
	at org.testng.TestNG.run(TestNG.java:1031)
	at org.testng.remote.AbstractRemoteTestNG.run(AbstractRemoteTestNG.java:115)
	at org.testng.remote.RemoteTestNG.initAndRun(RemoteTestNG.java:251)
	at org.testng.remote.RemoteTestNG.main(RemoteTestNG.java:77)
</pre></div></td>
<td>4</td>
<td>ShoppingTests.TESTS_PurchaseWithLoggedUser@3af9c5b7</td></tr>
</table><p>
</body>
</html>