<?xml version="1.0" encoding="UTF-8"?>
<!-- Generated by org.testng.reporters.JUnitXMLReporter -->
<testsuite ignored="2" hostname="NUV-5CG1152V3W" failures="1" tests="4" name="SHOPPING CART TESTS" time="38.069" errors="0" timestamp="2023-01-25T13:34:24 EET">
  <testcase classname="ShoppingTests.TESTS_ShoppingCartRegisterAccount" name="t1_shoppingCartVerificationAndRemoveProducts" time="6.285"/>
  <testcase classname="ShoppingTests.TESTS_ShoppingCartRegisterAccount" name="t2_shopingCart_AddMultipleItemsVerification" time="4.502"/>
  <testcase classname="ShoppingTests.TESTS_ShoppingCartRegisterAccount" name="t3_CheckoutItem_Without_VAT" time="23.448"/>
  <testcase classname="ShoppingTests.TESTS_ShoppingCartRegisterAccount" name="t4_CheckoutItem_With_VAT" time="2.63">
    <failure type="java.lang.AssertionError" message="The following asserts failed:
	expected [2] but found [120]">
      <![CDATA[java.lang.AssertionError: The following asserts failed:
expected [2] but found [120]
at Pages.SHOPPING_CART_PAGE.assertEcoTaxValue(SHOPPING_CART_PAGE.java:290)
at ShoppingTests.TESTS_ShoppingCartRegisterAccount.t4_CheckoutItem_With_VAT(TESTS_ShoppingCartRegisterAccount.java:211)
at java.base/java.util.ArrayList.forEach(ArrayList.java:1511)
... Removed 27 stack frames]]>
    </failure>
  </testcase> <!-- t4_CheckoutItem_With_VAT -->
  <testcase classname="ShoppingTests.TESTS_ShoppingCartRegisterAccount" name="TBD" time="0.0">
    <ignored/>
  </testcase> <!-- TBD -->
  <testcase classname="ShoppingTests.TESTS_ShoppingCartRegisterAccount" name="ggg" time="0.0">
    <ignored/>
  </testcase> <!-- ggg -->
</testsuite> <!-- SHOPPING CART TESTS -->
