<html>
<head>
<title>TestNG:  SHOPPING CART TESTS</title>
<link href="../testng.css" rel="stylesheet" type="text/css" />
<link href="../my-testng.css" rel="stylesheet" type="text/css" />

<style type="text/css">
.log { display: none;} 
.stack-trace { display: none;} 
</style>
<script type="text/javascript">
<!--
function flip(e) {
  current = e.style.display;
  if (current == 'block') {
    e.style.display = 'none';
    return 0;
  }
  else {
    e.style.display = 'block';
    return 1;
  }
}

function toggleBox(szDivId, elem, msg1, msg2)
{
  var res = -1;  if (document.getElementById) {
    res = flip(document.getElementById(szDivId));
  }
  else if (document.all) {
    // this is the way old msie versions work
    res = flip(document.all[szDivId]);
  }
  if(elem) {
    if(res == 0) elem.innerHTML = msg1; else elem.innerHTML = msg2;
  }

}

function toggleAllBoxes() {
  if (document.getElementsByTagName) {
    d = document.getElementsByTagName('div');
    for (i = 0; i < d.length; i++) {
      if (d[i].className == 'log') {
        flip(d[i]);
      }
    }
  }
}

// -->
</script>

</head>
<body>
<h2 align='center'>SHOPPING CART TESTS</h2><table border='1' align="center">
<tr>
<td>Tests passed/Failed/Skipped:</td><td>3/1/0</td>
</tr><tr>
<td>Started on:</td><td>Wed Jan 25 13:33:46 EET 2023</td>
</tr>
<tr><td>Total time:</td><td>38 seconds (38069 ms)</td>
</tr><tr>
<td>Included groups:</td><td></td>
</tr><tr>
<td>Excluded groups:</td><td></td>
</tr>
</table><p/>
<small><i>(Hover the method name to see the test class name)</i></small><p/>
<table width='100%' border='1' class='invocation-failed'>
<tr><td colspan='4' align='center'><b>FAILED TESTS</b></td></tr>
<tr><td><b>Test method</b></td>
<td width="30%"><b>Exception</b></td>
<td width="10%"><b>Time (seconds)</b></td>
<td><b>Instance</b></td>
</tr>
<tr>
<td title='ShoppingTests.TESTS_ShoppingCartRegisterAccount.t4_CheckoutItem_With_VAT()'><b>t4_CheckoutItem_With_VAT</b><br>Test class: ShoppingTests.TESTS_ShoppingCartRegisterAccount<br>Test method: This test performs search product and verifies the found product<br/>
<a href="#Output-1510543202" onClick='toggleBox("Output-1510543202", this, "Show output", "Hide output");'>Show output</a>

<a href="#Output-1510543202" onClick="toggleAllBoxes();">Show all outputs</a>
<div class='log' id="Output-1510543202">
Starting test method:t4_CheckoutItem_With_VAT<br/>
Successfully opened url 'https://ecommerce-playground.lambdatest.io/index.php?route=common/home'<br/>
 Enter value : HTC Touch HD<br/>
t4_CheckoutItem_With_VAT is Failed<br/>
Click to see Screenshot<br/>
<a href=C:\Users\PlamenTanev\git\LambdaTest\Shopping\screenshots\Wed_Jan_25_13_34_24_EET_2023.png></a><br/>
<br>  <img src='C:\Users\PlamenTanev\git\LambdaTest\Shopping\screenshots\Wed_Jan_25_13_34_24_EET_2023.png' height='200' width='200' /><br><br/>
<a target="_blank" href=C:\Users\PlamenTanev\git\LambdaTest\Shopping\screenshots\Wed_Jan_25_13_34_24_EET_2023.png>Screenshot</a><br/>
</div>
</td>
<td><div><pre>java.lang.AssertionError: The following asserts failed:
	expected [2] but found [120]
	at Pages.SHOPPING_CART_PAGE.assertEcoTaxValue(SHOPPING_CART_PAGE.java:290)
	at ShoppingTests.TESTS_ShoppingCartRegisterAccount.t4_CheckoutItem_With_VAT(TESTS_ShoppingCartRegisterAccount.java:211)
	at java.base/java.util.ArrayList.forEach(ArrayList.java:1511)
... Removed 27 stack frames</pre></div><a href='#' onClick='toggleBox("stack-trace1510543202", this, "Click to show all stack frames", "Click to hide stack frames")'>Click to show all stack frames</a>
<div class='stack-trace' id='stack-trace1510543202'><pre>java.lang.AssertionError: The following asserts failed:
	expected [2] but found [120]
	at org.testng.asserts.SoftAssert.assertAll(SoftAssert.java:47)
	at org.testng.asserts.SoftAssert.assertAll(SoftAssert.java:31)
	at Pages.SHOPPING_CART_PAGE.assertEcoTaxValue(SHOPPING_CART_PAGE.java:290)
	at ShoppingTests.TESTS_ShoppingCartRegisterAccount.t4_CheckoutItem_With_VAT(TESTS_ShoppingCartRegisterAccount.java:211)
	at java.base/jdk.internal.reflect.DirectMethodHandleAccessor.invoke(DirectMethodHandleAccessor.java:104)
	at java.base/java.lang.reflect.Method.invoke(Method.java:578)
	at org.testng.internal.MethodInvocationHelper.invokeMethod(MethodInvocationHelper.java:133)
	at org.testng.internal.TestInvoker.invokeMethod(TestInvoker.java:598)
	at org.testng.internal.TestInvoker.invokeTestMethod(TestInvoker.java:173)
	at org.testng.internal.MethodRunner.runInSequence(MethodRunner.java:46)
	at org.testng.internal.TestInvoker$MethodInvocationAgent.invoke(TestInvoker.java:824)
	at org.testng.internal.TestInvoker.invokeTestMethods(TestInvoker.java:146)
	at org.testng.internal.TestMethodWorker.invokeTestMethods(TestMethodWorker.java:146)
	at org.testng.internal.TestMethodWorker.run(TestMethodWorker.java:128)
	at java.base/java.util.ArrayList.forEach(ArrayList.java:1511)
	at org.testng.TestRunner.privateRun(TestRunner.java:794)
	at org.testng.TestRunner.run(TestRunner.java:596)
	at org.testng.SuiteRunner.runTest(SuiteRunner.java:377)
	at org.testng.SuiteRunner.runSequentially(SuiteRunner.java:371)
	at org.testng.SuiteRunner.privateRun(SuiteRunner.java:332)
	at org.testng.SuiteRunner.run(SuiteRunner.java:276)
	at org.testng.SuiteRunnerWorker.runSuite(SuiteRunnerWorker.java:53)
	at org.testng.SuiteRunnerWorker.run(SuiteRunnerWorker.java:96)
	at org.testng.TestNG.runSuitesSequentially(TestNG.java:1212)
	at org.testng.TestNG.runSuitesLocally(TestNG.java:1134)
	at org.testng.TestNG.runSuites(TestNG.java:1063)
	at org.testng.TestNG.run(TestNG.java:1031)
	at org.testng.remote.AbstractRemoteTestNG.run(AbstractRemoteTestNG.java:115)
	at org.testng.remote.RemoteTestNG.initAndRun(RemoteTestNG.java:251)
	at org.testng.remote.RemoteTestNG.main(RemoteTestNG.java:77)
</pre></div></td>
<td>2</td>
<td>ShoppingTests.TESTS_ShoppingCartRegisterAccount@192c3f1e</td></tr>
</table><p>
<table width='100%' border='1' class='invocation-passed'>
<tr><td colspan='4' align='center'><b>PASSED TESTS</b></td></tr>
<tr><td><b>Test method</b></td>
<td width="30%"><b>Exception</b></td>
<td width="10%"><b>Time (seconds)</b></td>
<td><b>Instance</b></td>
</tr>
<tr>
<td title='ShoppingTests.TESTS_ShoppingCartRegisterAccount.t1_shoppingCartVerificationAndRemoveProducts()'><b>t1_shoppingCartVerificationAndRemoveProducts</b><br>Test class: ShoppingTests.TESTS_ShoppingCartRegisterAccount<br>Test method: This test performs search product and verifies the found product<br>Parameters: HTC Touch HD, Product 1, 1, $146.00, $146.00<br/>
<a href="#Output-874111547" onClick='toggleBox("Output-874111547", this, "Show output", "Hide output");'>Show output</a>

<a href="#Output-874111547" onClick="toggleAllBoxes();">Show all outputs</a>
<div class='log' id="Output-874111547">
Starting test method:t1_shoppingCartVerificationAndRemoveProducts<br/>
Successfully opened url 'https://ecommerce-playground.lambdatest.io/index.php?route=common/home'<br/>
 Enter value : HTC Touch HD<br/>
Text : Checkout - is Verified<br/>
Text : View Cart - is Verified<br/>
Page title  is Verified<br/>
Text : IMAGE - is Verified<br/>
Text : PRODUCT NAME - is Verified<br/>
Text : MODEL - is Verified<br/>
Text : QUANTITY - is Verified<br/>
Text : UNIT PRICE - is Verified<br/>
Text : TOTAL - is Verified<br/>
t1_shoppingCartVerificationAndRemoveProducts is Passed<br/>
</div>
</td>
<td></td>
<td>6</td>
<td>ShoppingTests.TESTS_ShoppingCartRegisterAccount@192c3f1e</td></tr>
<tr>
<td title='ShoppingTests.TESTS_ShoppingCartRegisterAccount.t2_shopingCart_AddMultipleItemsVerification()'><b>t2_shopingCart_AddMultipleItemsVerification</b><br>Test class: ShoppingTests.TESTS_ShoppingCartRegisterAccount<br>Test method: This test performs search product and verifies the found product<br/>
<a href="#Output-43473566" onClick='toggleBox("Output-43473566", this, "Show output", "Hide output");'>Show output</a>

<a href="#Output-43473566" onClick="toggleAllBoxes();">Show all outputs</a>
<div class='log' id="Output-43473566">
Starting test method:t2_shopingCart_AddMultipleItemsVerification<br/>
Successfully opened url 'https://ecommerce-playground.lambdatest.io/index.php?route=common/home'<br/>
 Enter value : HTC Touch HD<br/>
t2_shopingCart_AddMultipleItemsVerification is Passed<br/>
</div>
</td>
<td></td>
<td>4</td>
<td>ShoppingTests.TESTS_ShoppingCartRegisterAccount@192c3f1e</td></tr>
<tr>
<td title='ShoppingTests.TESTS_ShoppingCartRegisterAccount.t3_CheckoutItem_Without_VAT()'><b>t3_CheckoutItem_Without_VAT</b><br>Test class: ShoppingTests.TESTS_ShoppingCartRegisterAccount<br>Test method: This test performs search product and verifies the found product<br/>
<a href="#Output-705265015" onClick='toggleBox("Output-705265015", this, "Show output", "Hide output");'>Show output</a>

<a href="#Output-705265015" onClick="toggleAllBoxes();">Show all outputs</a>
<div class='log' id="Output-705265015">
Starting test method:t3_CheckoutItem_Without_VAT<br/>
Successfully opened url 'https://ecommerce-playground.lambdatest.io/index.php?route=common/home'<br/>
 Enter value : HTC Touch HD<br/>
 Enter value : testFNhmw<br/>
 Enter value : testLNflk<br/>
 Enter value : testEmailofx@test.com<br/>
 Enter value : +359123456789<br/>
 Enter value : 1234<br/>
 Enter value : 1234<br/>
 Enter value : CompanyTestzjg<br/>
 Enter value : address1_iet<br/>
 Enter value : address2_ahe<br/>
 Enter value : Sofia<br/>
 Enter value : 1111<br/>
t3_CheckoutItem_Without_VAT is Passed<br/>
</div>
</td>
<td></td>
<td>23</td>
<td>ShoppingTests.TESTS_ShoppingCartRegisterAccount@192c3f1e</td></tr>
</table><p>
</body>
</html>