<?xml version="1.0" encoding="UTF-8"?>
<!-- Generated by org.testng.reporters.JUnitReportReporter -->
<testsuite hostname="NUV-5CG1152V3W" failures="1" tests="6" name="ShoppingTests.TESTS_ShoppingCartRegisterAccount" time="36.847" errors="0" timestamp="2023-01-25T13:40:35 EET" skipped="2">
  <testcase classname="ShoppingTests.TESTS_ShoppingCartRegisterAccount" name="t2_shopingCart_AddMultipleItemsVerification" time="4.485"/>
  <system-out>
    <![CDATA[Successfully opened url 'https://ecommerce-playground.lambdatest.io/index.php?route=common/home'
 Enter value : HTC Touch HD]]>
  </system-out>
  <testcase classname="ShoppingTests.TESTS_ShoppingCartRegisterAccount" name="t4_CheckoutItem_With_VAT" time="2.303">
    <failure message="The following asserts failed:
	expected [2] but found [120]" type="java.lang.AssertionError">
      <![CDATA[java.lang.AssertionError: The following asserts failed:
expected [2] but found [120]
at org.testng.asserts.SoftAssert.assertAll(SoftAssert.java:47)
at org.testng.asserts.SoftAssert.assertAll(SoftAssert.java:31)
at Pages.SHOPPING_CART_PAGE.assertEcoTaxValue(SHOPPING_CART_PAGE.java:290)
at ShoppingTests.TESTS_ShoppingCartRegisterAccount.t4_CheckoutItem_With_VAT(TESTS_ShoppingCartRegisterAccount.java:211)
at java.base/jdk.internal.reflect.DirectMethodHandleAccessor.invoke(DirectMethodHandleAccessor.java:104)
at java.base/java.lang.reflect.Method.invoke(Method.java:578)
at org.testng.internal.MethodInvocationHelper.invokeMethod(MethodInvocationHelper.java:133)
at org.testng.internal.TestInvoker.invokeMethod(TestInvoker.java:598)
at org.testng.internal.TestInvoker.invokeTestMethod(TestInvoker.java:173)
at org.testng.internal.MethodRunner.runInSequence(MethodRunner.java:46)
at org.testng.internal.TestInvoker$MethodInvocationAgent.invoke(TestInvoker.java:824)
at org.testng.internal.TestInvoker.invokeTestMethods(TestInvoker.java:146)
at org.testng.internal.TestMethodWorker.invokeTestMethods(TestMethodWorker.java:146)
at org.testng.internal.TestMethodWorker.run(TestMethodWorker.java:128)
at java.base/java.util.ArrayList.forEach(ArrayList.java:1511)
at org.testng.TestRunner.privateRun(TestRunner.java:794)
at org.testng.TestRunner.run(TestRunner.java:596)
at org.testng.SuiteRunner.runTest(SuiteRunner.java:377)
at org.testng.SuiteRunner.runSequentially(SuiteRunner.java:371)
at org.testng.SuiteRunner.privateRun(SuiteRunner.java:332)
at org.testng.SuiteRunner.run(SuiteRunner.java:276)
at org.testng.SuiteRunnerWorker.runSuite(SuiteRunnerWorker.java:53)
at org.testng.SuiteRunnerWorker.run(SuiteRunnerWorker.java:96)
at org.testng.TestNG.runSuitesSequentially(TestNG.java:1212)
at org.testng.TestNG.runSuitesLocally(TestNG.java:1134)
at org.testng.TestNG.runSuites(TestNG.java:1063)
at org.testng.TestNG.run(TestNG.java:1031)
at org.testng.remote.AbstractRemoteTestNG.run(AbstractRemoteTestNG.java:115)
at org.testng.remote.RemoteTestNG.initAndRun(RemoteTestNG.java:251)
at org.testng.remote.RemoteTestNG.main(RemoteTestNG.java:77)
]]>
    </failure>
  </testcase> <!-- t4_CheckoutItem_With_VAT -->
  <system-out>
    <![CDATA[Successfully opened url 'https://ecommerce-playground.lambdatest.io/index.php?route=common/home'
 Enter value : HTC Touch HD]]>
  </system-out>
  <testcase classname="ShoppingTests.TESTS_ShoppingCartRegisterAccount" name="t1_shoppingCartVerificationAndRemoveProducts" time="6.551"/>
  <system-out>
    <![CDATA[Successfully opened url 'https://ecommerce-playground.lambdatest.io/index.php?route=common/home'
 Enter value : HTC Touch HD
Text : Checkout - is Verified
Text : View Cart - is Verified
Page title  is Verified
Text : IMAGE - is Verified
Text : PRODUCT NAME - is Verified
Text : MODEL - is Verified
Text : QUANTITY - is Verified
Text : UNIT PRICE - is Verified
Text : TOTAL - is Verified]]>
  </system-out>
  <testcase classname="ShoppingTests.TESTS_ShoppingCartRegisterAccount" name="t3_CheckoutItem_Without_VAT" time="23.508"/>
  <system-out>
    <![CDATA[Successfully opened url 'https://ecommerce-playground.lambdatest.io/index.php?route=common/home'
 Enter value : HTC Touch HD
 Enter value : testFNhtv
 Enter value : testLNqmh
 Enter value : testEmailoej@test.com
 Enter value : +359123456789
 Enter value : 1234
 Enter value : 1234
 Enter value : CompanyTestvqc
 Enter value : address1_spa
 Enter value : address2_zia
 Enter value : Sofia
 Enter value : 1111]]>
  </system-out>
  <testcase classname="ShoppingTests.TESTS_ShoppingCartRegisterAccount" name="TBD">
    <skipped/>
  </testcase> <!-- TBD -->
  <system-out/>
  <testcase classname="ShoppingTests.TESTS_ShoppingCartRegisterAccount" name="ggg">
    <skipped/>
  </testcase> <!-- ggg -->
  <system-out/>
</testsuite> <!-- ShoppingTests.TESTS_ShoppingCartRegisterAccount -->
