<html>
<head>
<title>TestNG:   Different Calculations</title>
<link href="../testng.css" rel="stylesheet" type="text/css" />
<link href="../my-testng.css" rel="stylesheet" type="text/css" />

<style type="text/css">
.log { display: none;} 
.stack-trace { display: none;} 
</style>
<script type="text/javascript">
<!--
function flip(e) {
  current = e.style.display;
  if (current == 'block') {
    e.style.display = 'none';
    return 0;
  }
  else {
    e.style.display = 'block';
    return 1;
  }
}

function toggleBox(szDivId, elem, msg1, msg2)
{
  var res = -1;  if (document.getElementById) {
    res = flip(document.getElementById(szDivId));
  }
  else if (document.all) {
    // this is the way old msie versions work
    res = flip(document.all[szDivId]);
  }
  if(elem) {
    if(res == 0) elem.innerHTML = msg1; else elem.innerHTML = msg2;
  }

}

function toggleAllBoxes() {
  if (document.getElementsByTagName) {
    d = document.getElementsByTagName('div');
    for (i = 0; i < d.length; i++) {
      if (d[i].className == 'log') {
        flip(d[i]);
      }
    }
  }
}

// -->
</script>

</head>
<body>
<h2 align='center'> Different Calculations</h2><table border='1' align="center">
<tr>
<td>Tests passed/Failed/Skipped:</td><td>6/3/0</td>
</tr><tr>
<td>Started on:</td><td>Thu Jun 15 12:19:09 EEST 2023</td>
</tr>
<tr><td>Total time:</td><td>52 seconds (52847 ms)</td>
</tr><tr>
<td>Included groups:</td><td></td>
</tr><tr>
<td>Excluded groups:</td><td></td>
</tr>
</table><p/>
<small><i>(Hover the method name to see the test class name)</i></small><p/>
<table width='100%' border='1' class='invocation-failed'>
<tr><td colspan='4' align='center'><b>FAILED TESTS</b></td></tr>
<tr><td><b>Test method</b></td>
<td width="30%"><b>Exception</b></td>
<td width="10%"><b>Time (seconds)</b></td>
<td><b>Instance</b></td>
</tr>
<tr>
<td title='ShoppingTests.DifferentCalculations.t4_FacadeGuestAccount()'><b>t4_FacadeGuestAccount</b><br>Test class: ShoppingTests.DifferentCalculations<br>Test method: The test performs Assertions on different quantities calculations <br>Parameters: 1,, 101.0, 101.0, 101.0, 5.0, 106.0<br/>
<a href="#Output-1090639605" onClick='toggleBox("Output-1090639605", this, "Show output", "Hide output");'>Show output</a>

<a href="#Output-1090639605" onClick="toggleAllBoxes();">Show all outputs</a>
<div class='log' id="Output-1090639605">
Starting test method:t4_FacadeGuestAccount<br/>
Successfully opened url 'https://ecommerce-playground.lambdatest.io/index.php?route=common/home'<br/>
 Enter value : Iphone<br/>
Successfully click on element <br/>
 Enter value : Bennett<br/>
 Enter value : Jacobi<br/>
 Enter value : marci.schumm@gmail.com<br/>
 Enter value : 01998 115763<br/>
 Enter value : Marks-Berge<br/>
 Enter value : 2591 Davis Centers, Lemkeview, NE ZD25 7JQ<br/>
 Enter value : 2591 Davis Centers, Lemkeview, NE ZD25 7JQ<br/>
 Enter value : WB5A 4BA<br/>
 Enter value : Sofia<br/>
Successfully click on element   --- Please Select ---
 Aaland Islands
 Afghanistan
 Albania
 Algeria
 American Samoa
 Andorra
 Angola
 Anguilla
 Antarctica
 Antigua and Barbuda
 Argentina
 Armenia
 Aruba
 Ascension Island (British)
 Australia
 Austria
 Azerbaijan
 Bahamas
 Bahrain
 Bangladesh
 Barbados
 Belarus
 Belgium
 Belize
 Benin
 Bermuda
 Bhutan
 Bolivia
 Bonaire, Sint Eustatius and Saba
 Bosnia and Herzegovina
 Botswana
 Bouvet Island
 Brazil
 British Indian Ocean Territory
 Brunei Darussalam
 Bulgaria
 Burkina Faso
 Burundi
 Cambodia
 Cameroon
 Canada
 Canary Islands
 Cape Verde
 Cayman Islands
 Central African Republic
 Chad
 Chile
 China
 Christmas Island
 Cocos (Keeling) Islands
 Colombia
 Comoros
 Congo
 Cook Islands
 Costa Rica
 Cote D'Ivoire
 Croatia
 Cuba
 Curacao
 Cyprus
 Czech Republic
 Democratic Republic of Congo
 Denmark
 Djibouti
 Dominica
 Dominican Republic
 East Timor
 Ecuador
 Egypt
 El Salvador
 Equatorial Guinea
 Eritrea
 Estonia
 Ethiopia
 Falkland Islands (Malvinas)
 Faroe Islands
 Fiji
 Finland
 France, Metropolitan
 French Guiana
 French Polynesia
 French Southern Territories
 FYROM
 Gabon
 Gambia
 Georgia
 Germany
 Ghana
 Gibraltar
 Greece
 Greenland
 Grenada
 Guadeloupe
 Guam
 Guatemala
 Guernsey
 Guinea
 Guinea-Bissau
 Guyana
 Haiti
 Heard and Mc Donald Islands
 Honduras
 Hong Kong
 Hungary
 Iceland
 India
 Indonesia
 Iran (Islamic Republic of)
 Iraq
 Ireland
 Isle of Man
 Israel
 Italy
 Jamaica
 Japan
 Jersey
 Jordan
 Kazakhstan
 Kenya
 Kiribati
 Kosovo, Republic of
 Kuwait
 Kyrgyzstan
 Lao People's Democratic Republic
 Latvia
 Lebanon
 Lesotho
 Liberia
 Libyan Arab Jamahiriya
 Liechtenstein
 Lithuania
 Luxembourg
 Macau
 Madagascar
 Malawi
 Malaysia
 Maldives
 Mali
 Malta
 Marshall Islands
 Martinique
 Mauritania
 Mauritius
 Mayotte
 Mexico
 Micronesia, Federated States of
 Moldova, Republic of
 Monaco
 Mongolia
 Montenegro
 Montserrat
 Morocco
 Mozambique
 Myanmar
 Namibia
 Nauru
 Nepal
 Netherlands
 Netherlands Antilles
 New Caledonia
 New Zealand
 Nicaragua
 Niger
 Nigeria
 Niue
 Norfolk Island
 North Korea
 Northern Mariana Islands
 Norway
 Oman
 Pakistan
 Palau
 Palestinian Territory, Occupied
 Panama
 Papua New Guinea
 Paraguay
 Peru
 Philippines
 Pitcairn
 Poland
 Portugal
 Puerto Rico
 Qatar
 Reunion
 Romania
 Russian Federation
 Rwanda
 Saint Kitts and Nevis
 Saint Lucia
 Saint Vincent and the Grenadines
 Samoa
 San Marino
 Sao Tome and Principe
 Saudi Arabia
 Senegal
 Serbia
 Seychelles
 Sierra Leone
 Singapore
 Slovak Republic
 Slovenia
 Solomon Islands
 Somalia
 South Africa
 South Georgia & South Sandwich Islands
 South Korea
 South Sudan
 Spain
 Sri Lanka
 St. Barthelemy
 St. Helena
 St. Martin (French part)
 St. Pierre and Miquelon
 Sudan
 Suriname
 Svalbard and Jan Mayen Islands
 Swaziland
 Sweden
 Switzerland
 Syrian Arab Republic
 Taiwan
 Tajikistan
 Tanzania, United Republic of
 Thailand
 Togo
 Tokelau
 Tonga
 Trinidad and Tobago
 Tristan da Cunha
 Tunisia
 Turkey
 Turkmenistan
 Turks and Caicos Islands
 Tuvalu
 Uganda
 Ukraine
 United Arab Emirates
 United Kingdom
 United States
 United States Minor Outlying Islands
 Uruguay
 Uzbekistan
 Vanuatu
 Vatican City State (Holy See)
 Venezuela
 Viet Nam
 Virgin Islands (British)
 Virgin Islands (U.S.)
 Wallis and Futuna Islands
 Western Sahara
 Yemen
 Zambia
 Zimbabwe
 <br/>
Successfully click on element Bulgaria<br/>
Successfully click on element --- Please Select ---
Blagoevgrad
Burgas
Dobrich
Gabrovo
Haskovo
Kardjali
Kyustendil
Lovech
Montana
Pazardjik
Pernik
Pleven
Plovdiv
Razgrad
Ruse
Shumen
Silistra
Sliven
Smolyan
Sofia
Sofia - town
Stara Zagora
Targovishte
Varna
Veliko Tarnovo
Vidin
Vratza
Yambol<br/>
Successfully click on element Sofia<br/>
Successfully click on element <br/>
<a href=C:\Users\PlamenTanev\git\LamdaTestRefact\Shopping\screenshots\Thu_Jun_15_12_19_44_EEST_2023.png></a><br/>
<br>  <img src='C:\Users\PlamenTanev\git\LamdaTestRefact\Shopping\screenshots\Thu_Jun_15_12_19_44_EEST_2023.png' height='200' width='200' /><br><br/>
t4_FacadeGuestAccount is Failed<br/>
Click to see Screenshot<br/>
<a href=C:\Users\PlamenTanev\git\LamdaTestRefact\Shopping\screenshots\Thu_Jun_15_12_19_44_EEST_2023.png></a><br/>
<br>  <img src='C:\Users\PlamenTanev\git\LamdaTestRefact\Shopping\screenshots\Thu_Jun_15_12_19_44_EEST_2023.png' height='200' width='200' /><br><br/>
<a target="_blank" href=C:\Users\PlamenTanev\git\LamdaTestRefact\Shopping\screenshots\Thu_Jun_15_12_19_44_EEST_2023.png>Screenshot</a><br/>
</div>
</td>
<td><div><pre>org.openqa.selenium.NoSuchSessionException: Session ID is null. Using WebDriver after calling quit()?
Build info: version: &apos;3.141.59&apos;, revision: &apos;e82be7d358&apos;, time: &apos;2018-11-14T08:17:03&apos;
System info: host: &apos;NUV-5CG1152V3W&apos;, ip: &apos;192.168.0.163&apos;, os.name: &apos;Windows 10&apos;, os.arch: &apos;amd64&apos;, os.version: &apos;10.0&apos;, java.version: &apos;17.0.7&apos;
Driver info: driver.version: EventFiringWebDriver
	at org.openqa.selenium.remote.HttpCommandExecutor.execute(HttpCommandExecutor.java:125)
	at org.openqa.selenium.remote.service.DriverCommandExecutor.execute(DriverCommandExecutor.java:83)
	at org.openqa.selenium.remote.RemoteWebDriver.execute(RemoteWebDriver.java:552)
	at org.openqa.selenium.remote.RemoteWebDriver.findElement(RemoteWebDriver.java:323)
	at org.openqa.selenium.remote.RemoteWebDriver.findElementByXPath(RemoteWebDriver.java:428)
	at org.openqa.selenium.By$ByXPath.findElement(By.java:353)
	at org.openqa.selenium.remote.RemoteWebDriver.findElement(RemoteWebDriver.java:315)
	at org.openqa.selenium.support.events.EventFiringWebDriver.lambda$new$1(EventFiringWebDriver.java:105)
	at jdk.proxy2/jdk.proxy2.$Proxy14.findElement(Unknown Source)
	at org.openqa.selenium.support.events.EventFiringWebDriver.findElement(EventFiringWebDriver.java:194)
	at Pages.AccountRegisterPage.subTotalValue(AccountRegisterPage.java:344)
	at Pages.AccountRegisterPage.getSubTotalAmount(AccountRegisterPage.java:391)
	at Pages.FascadePage.assertionsNoVat(FascadePage.java:220)
	at ShoppingTests.DifferentCalculations.t4_FacadeGuestAccount(DifferentCalculations.java:251)
	at java.base/java.util.concurrent.ThreadPoolExecutor.runWorker(ThreadPoolExecutor.java:1136)
	at java.base/java.util.concurrent.ThreadPoolExecutor$Worker.run(ThreadPoolExecutor.java:635)
	at java.base/java.lang.Thread.run(Thread.java:833)
... Removed 15 stack frames</pre></div><a href='#' onClick='toggleBox("stack-trace1090639605", this, "Click to show all stack frames", "Click to hide stack frames")'>Click to show all stack frames</a>
<div class='stack-trace' id='stack-trace1090639605'><pre>org.openqa.selenium.NoSuchSessionException: Session ID is null. Using WebDriver after calling quit()?
Build info: version: &apos;3.141.59&apos;, revision: &apos;e82be7d358&apos;, time: &apos;2018-11-14T08:17:03&apos;
System info: host: &apos;NUV-5CG1152V3W&apos;, ip: &apos;192.168.0.163&apos;, os.name: &apos;Windows 10&apos;, os.arch: &apos;amd64&apos;, os.version: &apos;10.0&apos;, java.version: &apos;17.0.7&apos;
Driver info: driver.version: EventFiringWebDriver
	at org.openqa.selenium.remote.HttpCommandExecutor.execute(HttpCommandExecutor.java:125)
	at org.openqa.selenium.remote.service.DriverCommandExecutor.execute(DriverCommandExecutor.java:83)
	at org.openqa.selenium.remote.RemoteWebDriver.execute(RemoteWebDriver.java:552)
	at org.openqa.selenium.remote.RemoteWebDriver.findElement(RemoteWebDriver.java:323)
	at org.openqa.selenium.remote.RemoteWebDriver.findElementByXPath(RemoteWebDriver.java:428)
	at org.openqa.selenium.By$ByXPath.findElement(By.java:353)
	at org.openqa.selenium.remote.RemoteWebDriver.findElement(RemoteWebDriver.java:315)
	at jdk.internal.reflect.GeneratedMethodAccessor3.invoke(Unknown Source)
	at java.base/jdk.internal.reflect.DelegatingMethodAccessorImpl.invoke(DelegatingMethodAccessorImpl.java:43)
	at java.base/java.lang.reflect.Method.invoke(Method.java:568)
	at org.openqa.selenium.support.events.EventFiringWebDriver.lambda$new$1(EventFiringWebDriver.java:105)
	at jdk.proxy2/jdk.proxy2.$Proxy14.findElement(Unknown Source)
	at org.openqa.selenium.support.events.EventFiringWebDriver.findElement(EventFiringWebDriver.java:194)
	at Pages.AccountRegisterPage.subTotalValue(AccountRegisterPage.java:344)
	at Pages.AccountRegisterPage.getSubTotalAmount(AccountRegisterPage.java:391)
	at Pages.FascadePage.assertionsNoVat(FascadePage.java:220)
	at ShoppingTests.DifferentCalculations.t4_FacadeGuestAccount(DifferentCalculations.java:251)
	at java.base/jdk.internal.reflect.NativeMethodAccessorImpl.invoke0(Native Method)
	at java.base/jdk.internal.reflect.NativeMethodAccessorImpl.invoke(NativeMethodAccessorImpl.java:77)
	at java.base/jdk.internal.reflect.DelegatingMethodAccessorImpl.invoke(DelegatingMethodAccessorImpl.java:43)
	at java.base/java.lang.reflect.Method.invoke(Method.java:568)
	at org.testng.internal.MethodInvocationHelper.invokeMethod(MethodInvocationHelper.java:133)
	at org.testng.internal.TestInvoker.invokeMethod(TestInvoker.java:598)
	at org.testng.internal.TestInvoker.invokeTestMethod(TestInvoker.java:173)
	at org.testng.internal.MethodRunner.runInSequence(MethodRunner.java:46)
	at org.testng.internal.TestInvoker$MethodInvocationAgent.invoke(TestInvoker.java:824)
	at org.testng.internal.TestInvoker.invokeTestMethods(TestInvoker.java:146)
	at org.testng.internal.TestMethodWorker.invokeTestMethods(TestMethodWorker.java:146)
	at org.testng.internal.TestMethodWorker.run(TestMethodWorker.java:128)
	at java.base/java.util.concurrent.ThreadPoolExecutor.runWorker(ThreadPoolExecutor.java:1136)
	at java.base/java.util.concurrent.ThreadPoolExecutor$Worker.run(ThreadPoolExecutor.java:635)
	at java.base/java.lang.Thread.run(Thread.java:833)
</pre></div></td>
<td>17</td>
<td>ShoppingTests.DifferentCalculations@3012646b</td></tr>
<tr>
<td title='ShoppingTests.DifferentCalculations.t2_calculationsWithoutVAT_Country()'><b>t2_calculationsWithoutVAT_Country</b><br>Test class: ShoppingTests.DifferentCalculations<br>Test method: The test performs Assertions on different quantities calculations <br>Parameters: 1,, 101.0, 101.0, 101.0, 5.0, 106.0<br/>
<a href="#Output-215297352" onClick='toggleBox("Output-215297352", this, "Show output", "Hide output");'>Show output</a>

<a href="#Output-215297352" onClick="toggleAllBoxes();">Show all outputs</a>
<div class='log' id="Output-215297352">
Starting test method:t2_calculationsWithoutVAT_Country<br/>
Successfully opened url 'https://ecommerce-playground.lambdatest.io/index.php?route=account/login'<br/>
<a href=C:\Users\PlamenTanev\git\LamdaTestRefact\Shopping\screenshots\Thu_Jun_15_12_19_13_EEST_2023.png></a><br/>
<br>  <img src='C:\Users\PlamenTanev\git\LamdaTestRefact\Shopping\screenshots\Thu_Jun_15_12_19_13_EEST_2023.png' height='200' width='200' /><br><br/>
t2_calculationsWithoutVAT_Country is Failed<br/>
Click to see Screenshot<br/>
<a href=C:\Users\PlamenTanev\git\LamdaTestRefact\Shopping\screenshots\Thu_Jun_15_12_19_13_EEST_2023.png></a><br/>
<br>  <img src='C:\Users\PlamenTanev\git\LamdaTestRefact\Shopping\screenshots\Thu_Jun_15_12_19_13_EEST_2023.png' height='200' width='200' /><br><br/>
<a target="_blank" href=C:\Users\PlamenTanev\git\LamdaTestRefact\Shopping\screenshots\Thu_Jun_15_12_19_13_EEST_2023.png>Screenshot</a><br/>
</div>
</td>
<td><div><pre>org.openqa.selenium.StaleElementReferenceException: stale element reference: stale element not found
  (Session info: chrome=113.0.5672.127)
For documentation on this error, please visit: https://www.seleniumhq.org/exceptions/stale_element_reference.html
Build info: version: &apos;3.141.59&apos;, revision: &apos;e82be7d358&apos;, time: &apos;2018-11-14T08:17:03&apos;
System info: host: &apos;NUV-5CG1152V3W&apos;, ip: &apos;192.168.0.163&apos;, os.name: &apos;Windows 10&apos;, os.arch: &apos;amd64&apos;, os.version: &apos;10.0&apos;, java.version: &apos;17.0.7&apos;
Driver info: org.openqa.selenium.chrome.ChromeDriver
Capabilities {acceptInsecureCerts: false, browserName: chrome, browserVersion: 113.0.5672.127, chrome: {chromedriverVersion: 113.0.5672.63 (0e1a4471d5ae..., userDataDir: C:\Users\PLAMEN~1\AppData\L...}, goog:chromeOptions: {debuggerAddress: localhost:60144}, javascriptEnabled: true, networkConnectionEnabled: false, pageLoadStrategy: normal, platform: WINDOWS, platformName: WINDOWS, proxy: Proxy(), setWindowRect: true, strictFileInteractability: false, timeouts: {implicit: 0, pageLoad: 300000, script: 30000}, unhandledPromptBehavior: dismiss and notify, webauthn:extension:credBlob: true, webauthn:extension:largeBlob: true, webauthn:extension:minPinLength: true, webauthn:extension:prf: true, webauthn:virtualAuthenticators: true}
Session ID: 8b290dc5027b4aa99943857f2513f1ca
	at org.openqa.selenium.remote.http.W3CHttpResponseCodec.createException(W3CHttpResponseCodec.java:187)
	at org.openqa.selenium.remote.http.W3CHttpResponseCodec.decode(W3CHttpResponseCodec.java:122)
	at org.openqa.selenium.remote.http.W3CHttpResponseCodec.decode(W3CHttpResponseCodec.java:49)
	at org.openqa.selenium.remote.HttpCommandExecutor.execute(HttpCommandExecutor.java:158)
	at org.openqa.selenium.remote.service.DriverCommandExecutor.execute(DriverCommandExecutor.java:83)
	at org.openqa.selenium.remote.RemoteWebDriver.execute(RemoteWebDriver.java:552)
	at org.openqa.selenium.remote.RemoteWebDriver.executeScript(RemoteWebDriver.java:489)
	at org.openqa.selenium.support.events.EventFiringWebDriver.lambda$new$1(EventFiringWebDriver.java:105)
	at jdk.proxy2/jdk.proxy2.$Proxy14.executeScript(Unknown Source)
	at org.openqa.selenium.support.events.EventFiringWebDriver.executeScript(EventFiringWebDriver.java:229)
	at Utils.TestUtil.HighLightElement(TestUtil.java:213)
	at Utils.TestUtil.typeOnField(TestUtil.java:196)
	at Pages.HomePage.enterProductInSearchField(HomePage.java:100)
	at ShoppingTests.DifferentCalculations.t2_calculationsWithoutVAT_Country(DifferentCalculations.java:128)
	at java.base/java.util.concurrent.ThreadPoolExecutor.runWorker(ThreadPoolExecutor.java:1136)
	at java.base/java.util.concurrent.ThreadPoolExecutor$Worker.run(ThreadPoolExecutor.java:635)
	at java.base/java.lang.Thread.run(Thread.java:833)
... Removed 21 stack frames</pre></div><a href='#' onClick='toggleBox("stack-trace215297352", this, "Click to show all stack frames", "Click to hide stack frames")'>Click to show all stack frames</a>
<div class='stack-trace' id='stack-trace215297352'><pre>org.openqa.selenium.StaleElementReferenceException: stale element reference: stale element not found
  (Session info: chrome=113.0.5672.127)
For documentation on this error, please visit: https://www.seleniumhq.org/exceptions/stale_element_reference.html
Build info: version: &apos;3.141.59&apos;, revision: &apos;e82be7d358&apos;, time: &apos;2018-11-14T08:17:03&apos;
System info: host: &apos;NUV-5CG1152V3W&apos;, ip: &apos;192.168.0.163&apos;, os.name: &apos;Windows 10&apos;, os.arch: &apos;amd64&apos;, os.version: &apos;10.0&apos;, java.version: &apos;17.0.7&apos;
Driver info: org.openqa.selenium.chrome.ChromeDriver
Capabilities {acceptInsecureCerts: false, browserName: chrome, browserVersion: 113.0.5672.127, chrome: {chromedriverVersion: 113.0.5672.63 (0e1a4471d5ae..., userDataDir: C:\Users\PLAMEN~1\AppData\L...}, goog:chromeOptions: {debuggerAddress: localhost:60144}, javascriptEnabled: true, networkConnectionEnabled: false, pageLoadStrategy: normal, platform: WINDOWS, platformName: WINDOWS, proxy: Proxy(), setWindowRect: true, strictFileInteractability: false, timeouts: {implicit: 0, pageLoad: 300000, script: 30000}, unhandledPromptBehavior: dismiss and notify, webauthn:extension:credBlob: true, webauthn:extension:largeBlob: true, webauthn:extension:minPinLength: true, webauthn:extension:prf: true, webauthn:virtualAuthenticators: true}
Session ID: 8b290dc5027b4aa99943857f2513f1ca
	at java.base/jdk.internal.reflect.NativeConstructorAccessorImpl.newInstance0(Native Method)
	at java.base/jdk.internal.reflect.NativeConstructorAccessorImpl.newInstance(NativeConstructorAccessorImpl.java:77)
	at java.base/jdk.internal.reflect.DelegatingConstructorAccessorImpl.newInstance(DelegatingConstructorAccessorImpl.java:45)
	at java.base/java.lang.reflect.Constructor.newInstanceWithCaller(Constructor.java:499)
	at java.base/java.lang.reflect.Constructor.newInstance(Constructor.java:480)
	at org.openqa.selenium.remote.http.W3CHttpResponseCodec.createException(W3CHttpResponseCodec.java:187)
	at org.openqa.selenium.remote.http.W3CHttpResponseCodec.decode(W3CHttpResponseCodec.java:122)
	at org.openqa.selenium.remote.http.W3CHttpResponseCodec.decode(W3CHttpResponseCodec.java:49)
	at org.openqa.selenium.remote.HttpCommandExecutor.execute(HttpCommandExecutor.java:158)
	at org.openqa.selenium.remote.service.DriverCommandExecutor.execute(DriverCommandExecutor.java:83)
	at org.openqa.selenium.remote.RemoteWebDriver.execute(RemoteWebDriver.java:552)
	at org.openqa.selenium.remote.RemoteWebDriver.executeScript(RemoteWebDriver.java:489)
	at java.base/jdk.internal.reflect.NativeMethodAccessorImpl.invoke0(Native Method)
	at java.base/jdk.internal.reflect.NativeMethodAccessorImpl.invoke(NativeMethodAccessorImpl.java:77)
	at java.base/jdk.internal.reflect.DelegatingMethodAccessorImpl.invoke(DelegatingMethodAccessorImpl.java:43)
	at java.base/java.lang.reflect.Method.invoke(Method.java:568)
	at org.openqa.selenium.support.events.EventFiringWebDriver.lambda$new$1(EventFiringWebDriver.java:105)
	at jdk.proxy2/jdk.proxy2.$Proxy14.executeScript(Unknown Source)
	at org.openqa.selenium.support.events.EventFiringWebDriver.executeScript(EventFiringWebDriver.java:229)
	at Utils.TestUtil.HighLightElement(TestUtil.java:213)
	at Utils.TestUtil.typeOnField(TestUtil.java:196)
	at Pages.HomePage.enterProductInSearchField(HomePage.java:100)
	at ShoppingTests.DifferentCalculations.t2_calculationsWithoutVAT_Country(DifferentCalculations.java:128)
	at java.base/jdk.internal.reflect.NativeMethodAccessorImpl.invoke0(Native Method)
	at java.base/jdk.internal.reflect.NativeMethodAccessorImpl.invoke(NativeMethodAccessorImpl.java:77)
	at java.base/jdk.internal.reflect.DelegatingMethodAccessorImpl.invoke(DelegatingMethodAccessorImpl.java:43)
	at java.base/java.lang.reflect.Method.invoke(Method.java:568)
	at org.testng.internal.MethodInvocationHelper.invokeMethod(MethodInvocationHelper.java:133)
	at org.testng.internal.TestInvoker.invokeMethod(TestInvoker.java:598)
	at org.testng.internal.TestInvoker.invokeTestMethod(TestInvoker.java:173)
	at org.testng.internal.MethodRunner.runInSequence(MethodRunner.java:46)
	at org.testng.internal.TestInvoker$MethodInvocationAgent.invoke(TestInvoker.java:824)
	at org.testng.internal.TestInvoker.invokeTestMethods(TestInvoker.java:146)
	at org.testng.internal.TestMethodWorker.invokeTestMethods(TestMethodWorker.java:146)
	at org.testng.internal.TestMethodWorker.run(TestMethodWorker.java:128)
	at java.base/java.util.concurrent.ThreadPoolExecutor.runWorker(ThreadPoolExecutor.java:1136)
	at java.base/java.util.concurrent.ThreadPoolExecutor$Worker.run(ThreadPoolExecutor.java:635)
	at java.base/java.lang.Thread.run(Thread.java:833)
</pre></div></td>
<td>2</td>
<td>ShoppingTests.DifferentCalculations@3012646b</td></tr>
<tr>
<td title='ShoppingTests.DifferentCalculations.t3_FacadeRegisteredAccountNoVAT()'><b>t3_FacadeRegisteredAccountNoVAT</b><br>Test class: ShoppingTests.DifferentCalculations<br>Test method: The test performs Assertions on different quantities calculations <br>Parameters: 1,, 101.0, 101.0, 101.0, 5.0, 106.0<br/>
<a href="#Output-204763993" onClick='toggleBox("Output-204763993", this, "Show output", "Hide output");'>Show output</a>

<a href="#Output-204763993" onClick="toggleAllBoxes();">Show all outputs</a>
<div class='log' id="Output-204763993">
Starting test method:t3_FacadeRegisteredAccountNoVAT<br/>
Successfully opened url 'https://ecommerce-playground.lambdatest.io/index.php?route=common/home'<br/>
 Enter value : Iphone<br/>
Successfully click on element <br/>
 Enter value : Jerica<br/>
 Enter value : Brown<br/>
 Enter value : paula.denesik@hotmail.com<br/>
 Enter value : 0800 023 6145<br/>
 Enter value : 1234<br/>
 Enter value : 1234<br/>
 Enter value : Jacobson LLC<br/>
 Enter value : 856 Jolanda Land, South Garfieldville, ME MC7B 0NB<br/>
 Enter value : 856 Jolanda Land, South Garfieldville, ME MC7B 0NB<br/>
 Enter value : H4H 5WL<br/>
 Enter value : Sofia<br/>
Successfully click on element   --- Please Select ---
 Aaland Islands
 Afghanistan
 Albania
 Algeria
 American Samoa
 Andorra
 Angola
 Anguilla
 Antarctica
 Antigua and Barbuda
 Argentina
 Armenia
 Aruba
 Ascension Island (British)
 Australia
 Austria
 Azerbaijan
 Bahamas
 Bahrain
 Bangladesh
 Barbados
 Belarus
 Belgium
 Belize
 Benin
 Bermuda
 Bhutan
 Bolivia
 Bonaire, Sint Eustatius and Saba
 Bosnia and Herzegovina
 Botswana
 Bouvet Island
 Brazil
 British Indian Ocean Territory
 Brunei Darussalam
 Bulgaria
 Burkina Faso
 Burundi
 Cambodia
 Cameroon
 Canada
 Canary Islands
 Cape Verde
 Cayman Islands
 Central African Republic
 Chad
 Chile
 China
 Christmas Island
 Cocos (Keeling) Islands
 Colombia
 Comoros
 Congo
 Cook Islands
 Costa Rica
 Cote D'Ivoire
 Croatia
 Cuba
 Curacao
 Cyprus
 Czech Republic
 Democratic Republic of Congo
 Denmark
 Djibouti
 Dominica
 Dominican Republic
 East Timor
 Ecuador
 Egypt
 El Salvador
 Equatorial Guinea
 Eritrea
 Estonia
 Ethiopia
 Falkland Islands (Malvinas)
 Faroe Islands
 Fiji
 Finland
 France, Metropolitan
 French Guiana
 French Polynesia
 French Southern Territories
 FYROM
 Gabon
 Gambia
 Georgia
 Germany
 Ghana
 Gibraltar
 Greece
 Greenland
 Grenada
 Guadeloupe
 Guam
 Guatemala
 Guernsey
 Guinea
 Guinea-Bissau
 Guyana
 Haiti
 Heard and Mc Donald Islands
 Honduras
 Hong Kong
 Hungary
 Iceland
 India
 Indonesia
 Iran (Islamic Republic of)
 Iraq
 Ireland
 Isle of Man
 Israel
 Italy
 Jamaica
 Japan
 Jersey
 Jordan
 Kazakhstan
 Kenya
 Kiribati
 Kosovo, Republic of
 Kuwait
 Kyrgyzstan
 Lao People's Democratic Republic
 Latvia
 Lebanon
 Lesotho
 Liberia
 Libyan Arab Jamahiriya
 Liechtenstein
 Lithuania
 Luxembourg
 Macau
 Madagascar
 Malawi
 Malaysia
 Maldives
 Mali
 Malta
 Marshall Islands
 Martinique
 Mauritania
 Mauritius
 Mayotte
 Mexico
 Micronesia, Federated States of
 Moldova, Republic of
 Monaco
 Mongolia
 Montenegro
 Montserrat
 Morocco
 Mozambique
 Myanmar
 Namibia
 Nauru
 Nepal
 Netherlands
 Netherlands Antilles
 New Caledonia
 New Zealand
 Nicaragua
 Niger
 Nigeria
 Niue
 Norfolk Island
 North Korea
 Northern Mariana Islands
 Norway
 Oman
 Pakistan
 Palau
 Palestinian Territory, Occupied
 Panama
 Papua New Guinea
 Paraguay
 Peru
 Philippines
 Pitcairn
 Poland
 Portugal
 Puerto Rico
 Qatar
 Reunion
 Romania
 Russian Federation
 Rwanda
 Saint Kitts and Nevis
 Saint Lucia
 Saint Vincent and the Grenadines
 Samoa
 San Marino
 Sao Tome and Principe
 Saudi Arabia
 Senegal
 Serbia
 Seychelles
 Sierra Leone
 Singapore
 Slovak Republic
 Slovenia
 Solomon Islands
 Somalia
 South Africa
 South Georgia & South Sandwich Islands
 South Korea
 South Sudan
 Spain
 Sri Lanka
 St. Barthelemy
 St. Helena
 St. Martin (French part)
 St. Pierre and Miquelon
 Sudan
 Suriname
 Svalbard and Jan Mayen Islands
 Swaziland
 Sweden
 Switzerland
 Syrian Arab Republic
 Taiwan
 Tajikistan
 Tanzania, United Republic of
 Thailand
 Togo
 Tokelau
 Tonga
 Trinidad and Tobago
 Tristan da Cunha
 Tunisia
 Turkey
 Turkmenistan
 Turks and Caicos Islands
 Tuvalu
 Uganda
 Ukraine
 United Arab Emirates
 United Kingdom
 United States
 United States Minor Outlying Islands
 Uruguay
 Uzbekistan
 Vanuatu
 Vatican City State (Holy See)
 Venezuela
 Viet Nam
 Virgin Islands (British)
 Virgin Islands (U.S.)
 Wallis and Futuna Islands
 Western Sahara
 Yemen
 Zambia
 Zimbabwe
 <br/>
Successfully click on element Bulgaria<br/>
Successfully click on element --- Please Select ---
Blagoevgrad
Burgas
Dobrich
Gabrovo
Haskovo
Kardjali
Kyustendil
Lovech
Montana
Pazardjik
Pernik
Pleven
Plovdiv
Razgrad
Ruse
Shumen
Silistra
Sliven
Smolyan
Sofia
Sofia - town
Stara Zagora
Targovishte
Varna
Veliko Tarnovo
Vidin
Vratza
Yambol<br/>
<a href=C:\Users\PlamenTanev\git\LamdaTestRefact\Shopping\screenshots\Thu_Jun_15_12_19_25_EEST_2023.png></a><br/>
<br>  <img src='C:\Users\PlamenTanev\git\LamdaTestRefact\Shopping\screenshots\Thu_Jun_15_12_19_25_EEST_2023.png' height='200' width='200' /><br><br/>
t3_FacadeRegisteredAccountNoVAT is Failed<br/>
Click to see Screenshot<br/>
<a href=C:\Users\PlamenTanev\git\LamdaTestRefact\Shopping\screenshots\Thu_Jun_15_12_19_25_EEST_2023.png></a><br/>
<br>  <img src='C:\Users\PlamenTanev\git\LamdaTestRefact\Shopping\screenshots\Thu_Jun_15_12_19_25_EEST_2023.png' height='200' width='200' /><br><br/>
<a target="_blank" href=C:\Users\PlamenTanev\git\LamdaTestRefact\Shopping\screenshots\Thu_Jun_15_12_19_25_EEST_2023.png>Screenshot</a><br/>
</div>
</td>
<td><div><pre>org.openqa.selenium.StaleElementReferenceException: stale element reference: stale element not found
  (Session info: chrome=113.0.5672.127)
For documentation on this error, please visit: https://www.seleniumhq.org/exceptions/stale_element_reference.html
Build info: version: &apos;3.141.59&apos;, revision: &apos;e82be7d358&apos;, time: &apos;2018-11-14T08:17:03&apos;
System info: host: &apos;NUV-5CG1152V3W&apos;, ip: &apos;192.168.0.163&apos;, os.name: &apos;Windows 10&apos;, os.arch: &apos;amd64&apos;, os.version: &apos;10.0&apos;, java.version: &apos;17.0.7&apos;
Driver info: org.openqa.selenium.chrome.ChromeDriver
Capabilities {acceptInsecureCerts: false, browserName: chrome, browserVersion: 113.0.5672.127, chrome: {chromedriverVersion: 113.0.5672.63 (0e1a4471d5ae..., userDataDir: C:\Users\PLAMEN~1\AppData\L...}, goog:chromeOptions: {debuggerAddress: localhost:60197}, javascriptEnabled: true, networkConnectionEnabled: false, pageLoadStrategy: normal, platform: WINDOWS, platformName: WINDOWS, proxy: Proxy(), setWindowRect: true, strictFileInteractability: false, timeouts: {implicit: 0, pageLoad: 300000, script: 30000}, unhandledPromptBehavior: dismiss and notify, webauthn:extension:credBlob: true, webauthn:extension:largeBlob: true, webauthn:extension:minPinLength: true, webauthn:extension:prf: true, webauthn:virtualAuthenticators: true}
Session ID: 3bd58d1a59eb8502e737c765b690b6d1
	at org.openqa.selenium.remote.http.W3CHttpResponseCodec.createException(W3CHttpResponseCodec.java:187)
	at org.openqa.selenium.remote.http.W3CHttpResponseCodec.decode(W3CHttpResponseCodec.java:122)
	at org.openqa.selenium.remote.http.W3CHttpResponseCodec.decode(W3CHttpResponseCodec.java:49)
	at org.openqa.selenium.remote.HttpCommandExecutor.execute(HttpCommandExecutor.java:158)
	at org.openqa.selenium.remote.service.DriverCommandExecutor.execute(DriverCommandExecutor.java:83)
	at org.openqa.selenium.remote.RemoteWebDriver.execute(RemoteWebDriver.java:552)
	at org.openqa.selenium.remote.RemoteWebElement.execute(RemoteWebElement.java:285)
	at org.openqa.selenium.remote.RemoteWebElement.getText(RemoteWebElement.java:166)
	at org.openqa.selenium.support.events.EventFiringWebDriver$EventFiringWebElement.lambda$new$0(EventFiringWebDriver.java:404)
	at jdk.proxy2/jdk.proxy2.$Proxy15.getText(Unknown Source)
	at org.openqa.selenium.support.events.EventFiringWebDriver$EventFiringWebElement.getText(EventFiringWebDriver.java:463)
	at Utils.TestUtil.selectDropdownOptionByTagName(TestUtil.java:263)
	at Pages.AccountRegisterPage.selectRegionState(AccountRegisterPage.java:289)
	at Pages.AddPersonalDetails.selectRegion(AddPersonalDetails.java:375)
	at Pages.AddPersonalDetails.&lt;init&gt;(AddPersonalDetails.java:76)
	at Pages.FascadePage.registeredAccountCheckoutProduct(FascadePage.java:65)
	at ShoppingTests.DifferentCalculations.t3_FacadeRegisteredAccountNoVAT(DifferentCalculations.java:192)
	at java.base/java.util.concurrent.ThreadPoolExecutor.runWorker(ThreadPoolExecutor.java:1136)
	at java.base/java.util.concurrent.ThreadPoolExecutor$Worker.run(ThreadPoolExecutor.java:635)
	at java.base/java.lang.Thread.run(Thread.java:833)
... Removed 20 stack frames</pre></div><a href='#' onClick='toggleBox("stack-trace204763993", this, "Click to show all stack frames", "Click to hide stack frames")'>Click to show all stack frames</a>
<div class='stack-trace' id='stack-trace204763993'><pre>org.openqa.selenium.StaleElementReferenceException: stale element reference: stale element not found
  (Session info: chrome=113.0.5672.127)
For documentation on this error, please visit: https://www.seleniumhq.org/exceptions/stale_element_reference.html
Build info: version: &apos;3.141.59&apos;, revision: &apos;e82be7d358&apos;, time: &apos;2018-11-14T08:17:03&apos;
System info: host: &apos;NUV-5CG1152V3W&apos;, ip: &apos;192.168.0.163&apos;, os.name: &apos;Windows 10&apos;, os.arch: &apos;amd64&apos;, os.version: &apos;10.0&apos;, java.version: &apos;17.0.7&apos;
Driver info: org.openqa.selenium.chrome.ChromeDriver
Capabilities {acceptInsecureCerts: false, browserName: chrome, browserVersion: 113.0.5672.127, chrome: {chromedriverVersion: 113.0.5672.63 (0e1a4471d5ae..., userDataDir: C:\Users\PLAMEN~1\AppData\L...}, goog:chromeOptions: {debuggerAddress: localhost:60197}, javascriptEnabled: true, networkConnectionEnabled: false, pageLoadStrategy: normal, platform: WINDOWS, platformName: WINDOWS, proxy: Proxy(), setWindowRect: true, strictFileInteractability: false, timeouts: {implicit: 0, pageLoad: 300000, script: 30000}, unhandledPromptBehavior: dismiss and notify, webauthn:extension:credBlob: true, webauthn:extension:largeBlob: true, webauthn:extension:minPinLength: true, webauthn:extension:prf: true, webauthn:virtualAuthenticators: true}
Session ID: 3bd58d1a59eb8502e737c765b690b6d1
	at java.base/jdk.internal.reflect.NativeConstructorAccessorImpl.newInstance0(Native Method)
	at java.base/jdk.internal.reflect.NativeConstructorAccessorImpl.newInstance(NativeConstructorAccessorImpl.java:77)
	at java.base/jdk.internal.reflect.DelegatingConstructorAccessorImpl.newInstance(DelegatingConstructorAccessorImpl.java:45)
	at java.base/java.lang.reflect.Constructor.newInstanceWithCaller(Constructor.java:499)
	at java.base/java.lang.reflect.Constructor.newInstance(Constructor.java:480)
	at org.openqa.selenium.remote.http.W3CHttpResponseCodec.createException(W3CHttpResponseCodec.java:187)
	at org.openqa.selenium.remote.http.W3CHttpResponseCodec.decode(W3CHttpResponseCodec.java:122)
	at org.openqa.selenium.remote.http.W3CHttpResponseCodec.decode(W3CHttpResponseCodec.java:49)
	at org.openqa.selenium.remote.HttpCommandExecutor.execute(HttpCommandExecutor.java:158)
	at org.openqa.selenium.remote.service.DriverCommandExecutor.execute(DriverCommandExecutor.java:83)
	at org.openqa.selenium.remote.RemoteWebDriver.execute(RemoteWebDriver.java:552)
	at org.openqa.selenium.remote.RemoteWebElement.execute(RemoteWebElement.java:285)
	at org.openqa.selenium.remote.RemoteWebElement.getText(RemoteWebElement.java:166)
	at jdk.internal.reflect.GeneratedMethodAccessor10.invoke(Unknown Source)
	at java.base/jdk.internal.reflect.DelegatingMethodAccessorImpl.invoke(DelegatingMethodAccessorImpl.java:43)
	at java.base/java.lang.reflect.Method.invoke(Method.java:568)
	at org.openqa.selenium.support.events.EventFiringWebDriver$EventFiringWebElement.lambda$new$0(EventFiringWebDriver.java:404)
	at jdk.proxy2/jdk.proxy2.$Proxy15.getText(Unknown Source)
	at org.openqa.selenium.support.events.EventFiringWebDriver$EventFiringWebElement.getText(EventFiringWebDriver.java:463)
	at Utils.TestUtil.selectDropdownOptionByTagName(TestUtil.java:263)
	at Pages.AccountRegisterPage.selectRegionState(AccountRegisterPage.java:289)
	at Pages.AddPersonalDetails.selectRegion(AddPersonalDetails.java:375)
	at Pages.AddPersonalDetails.&lt;init&gt;(AddPersonalDetails.java:76)
	at Pages.FascadePage.registeredAccountCheckoutProduct(FascadePage.java:65)
	at ShoppingTests.DifferentCalculations.t3_FacadeRegisteredAccountNoVAT(DifferentCalculations.java:192)
	at java.base/jdk.internal.reflect.NativeMethodAccessorImpl.invoke0(Native Method)
	at java.base/jdk.internal.reflect.NativeMethodAccessorImpl.invoke(NativeMethodAccessorImpl.java:77)
	at java.base/jdk.internal.reflect.DelegatingMethodAccessorImpl.invoke(DelegatingMethodAccessorImpl.java:43)
	at java.base/java.lang.reflect.Method.invoke(Method.java:568)
	at org.testng.internal.MethodInvocationHelper.invokeMethod(MethodInvocationHelper.java:133)
	at org.testng.internal.TestInvoker.invokeMethod(TestInvoker.java:598)
	at org.testng.internal.TestInvoker.invokeTestMethod(TestInvoker.java:173)
	at org.testng.internal.MethodRunner.runInSequence(MethodRunner.java:46)
	at org.testng.internal.TestInvoker$MethodInvocationAgent.invoke(TestInvoker.java:824)
	at org.testng.internal.TestInvoker.invokeTestMethods(TestInvoker.java:146)
	at org.testng.internal.TestMethodWorker.invokeTestMethods(TestMethodWorker.java:146)
	at org.testng.internal.TestMethodWorker.run(TestMethodWorker.java:128)
	at java.base/java.util.concurrent.ThreadPoolExecutor.runWorker(ThreadPoolExecutor.java:1136)
	at java.base/java.util.concurrent.ThreadPoolExecutor$Worker.run(ThreadPoolExecutor.java:635)
	at java.base/java.lang.Thread.run(Thread.java:833)
</pre></div></td>
<td>10</td>
<td>ShoppingTests.DifferentCalculations@3012646b</td></tr>
</table><p>
<table width='100%' border='1' class='invocation-passed'>
<tr><td colspan='4' align='center'><b>PASSED TESTS</b></td></tr>
<tr><td><b>Test method</b></td>
<td width="30%"><b>Exception</b></td>
<td width="10%"><b>Time (seconds)</b></td>
<td><b>Instance</b></td>
</tr>
<tr>
<td title='ShoppingTests.TESTS_AddRemoveMultipleItems.t2_shopingCart_AddMultipleItemsVerification()'><b>t2_shopingCart_AddMultipleItemsVerification</b><br>Test class: ShoppingTests.TESTS_AddRemoveMultipleItems<br>Test method: This test performs search product and verifies the found product<br/>
<a href="#Output-567916377" onClick='toggleBox("Output-567916377", this, "Show output", "Hide output");'>Show output</a>

<a href="#Output-567916377" onClick="toggleAllBoxes();">Show all outputs</a>
<div class='log' id="Output-567916377">
Starting test method:t2_shopingCart_AddMultipleItemsVerification<br/>
Successfully opened url 'https://ecommerce-playground.lambdatest.io/index.php?route=account/login'<br/>
 Enter value : HTC Touch HD<br/>
Successfully click on element <br/>
Successfully click on element <br/>
Successfully click on element <br/>
Successfully click on element <br/>
t2_shopingCart_AddMultipleItemsVerification is Passed<br/>
</div>
</td>
<td></td>
<td>6</td>
<td>ShoppingTests.TESTS_AddRemoveMultipleItems@1e0b4072</td></tr>
<tr>
<td title='ShoppingTests.TESTS_AddRemoveItem.t1_shoppingCartVerificationAndRemoveProducts()'><b>t1_shoppingCartVerificationAndRemoveProducts</b><br>Test class: ShoppingTests.TESTS_AddRemoveItem<br>Test method: This test performs search product and verifies the found product<br>Parameters: HTC Touch HD, Product 1, 1, $146.00, $146.00<br/>
<a href="#Output-1514051885" onClick='toggleBox("Output-1514051885", this, "Show output", "Hide output");'>Show output</a>

<a href="#Output-1514051885" onClick="toggleAllBoxes();">Show all outputs</a>
<div class='log' id="Output-1514051885">
Starting test method:t1_shoppingCartVerificationAndRemoveProducts<br/>
Successfully opened url 'https://ecommerce-playground.lambdatest.io/index.php?route=account/login'<br/>
 Enter value : HTC Touch HD<br/>
Successfully click on element <br/>
Text : Checkout - is Verified<br/>
Text : View Cart - is Verified<br/>
Page title  is Verified<br/>
Text : IMAGE - is Verified<br/>
Text : PRODUCT NAME - is Verified<br/>
Text : MODEL - is Verified<br/>
Text : QUANTITY - is Verified<br/>
Text : UNIT PRICE - is Verified<br/>
Text : TOTAL - is Verified<br/>
Successfully click on element <br/>
t1_shoppingCartVerificationAndRemoveProducts is Passed<br/>
</div>
</td>
<td></td>
<td>7</td>
<td>ShoppingTests.TESTS_AddRemoveItem@791f145a</td></tr>
<tr>
<td title='ShoppingTests.DifferentCalculations.t1_calculationsWithVAT_Country()'><b>t1_calculationsWithVAT_Country</b><br>Test class: ShoppingTests.DifferentCalculations<br>Test method: The test performs Assertions on different quantities calculations <br>Parameters: 1,, 123.2, 123.2, 101.0, 5.0, 4.0, 21.2, 131.2<br/>
<a href="#Output-1137734140" onClick='toggleBox("Output-1137734140", this, "Show output", "Hide output");'>Show output</a>

<a href="#Output-1137734140" onClick="toggleAllBoxes();">Show all outputs</a>
<div class='log' id="Output-1137734140">
Starting test method:t1_calculationsWithVAT_Country<br/>
Successfully opened url 'https://ecommerce-playground.lambdatest.io/index.php?route=account/login'<br/>
 Enter value : Iphone<br/>
Successfully click on element <br/>
 Enter value : Reginald<br/>
 Enter value : Gleason<br/>
 Enter value : dane.roberts@hotmail.com<br/>
 Enter value : 0851 311 6425<br/>
 Enter value : Volkman, Sipes and Cronin<br/>
 Enter value : Suite 581 327 Esteban Square, West Caseyhaven, MN W85 2NE<br/>
 Enter value : Suite 581 327 Esteban Square, West Caseyhaven, MN W85 2NE<br/>
 Enter value : Y1P 5ZL<br/>
 Enter value : Kent<br/>
Successfully click on element   --- Please Select ---
 Aaland Islands
 Afghanistan
 Albania
 Algeria
 American Samoa
 Andorra
 Angola
 Anguilla
 Antarctica
 Antigua and Barbuda
 Argentina
 Armenia
 Aruba
 Ascension Island (British)
 Australia
 Austria
 Azerbaijan
 Bahamas
 Bahrain
 Bangladesh
 Barbados
 Belarus
 Belgium
 Belize
 Benin
 Bermuda
 Bhutan
 Bolivia
 Bonaire, Sint Eustatius and Saba
 Bosnia and Herzegovina
 Botswana
 Bouvet Island
 Brazil
 British Indian Ocean Territory
 Brunei Darussalam
 Bulgaria
 Burkina Faso
 Burundi
 Cambodia
 Cameroon
 Canada
 Canary Islands
 Cape Verde
 Cayman Islands
 Central African Republic
 Chad
 Chile
 China
 Christmas Island
 Cocos (Keeling) Islands
 Colombia
 Comoros
 Congo
 Cook Islands
 Costa Rica
 Cote D'Ivoire
 Croatia
 Cuba
 Curacao
 Cyprus
 Czech Republic
 Democratic Republic of Congo
 Denmark
 Djibouti
 Dominica
 Dominican Republic
 East Timor
 Ecuador
 Egypt
 El Salvador
 Equatorial Guinea
 Eritrea
 Estonia
 Ethiopia
 Falkland Islands (Malvinas)
 Faroe Islands
 Fiji
 Finland
 France, Metropolitan
 French Guiana
 French Polynesia
 French Southern Territories
 FYROM
 Gabon
 Gambia
 Georgia
 Germany
 Ghana
 Gibraltar
 Greece
 Greenland
 Grenada
 Guadeloupe
 Guam
 Guatemala
 Guernsey
 Guinea
 Guinea-Bissau
 Guyana
 Haiti
 Heard and Mc Donald Islands
 Honduras
 Hong Kong
 Hungary
 Iceland
 India
 Indonesia
 Iran (Islamic Republic of)
 Iraq
 Ireland
 Isle of Man
 Israel
 Italy
 Jamaica
 Japan
 Jersey
 Jordan
 Kazakhstan
 Kenya
 Kiribati
 Kosovo, Republic of
 Kuwait
 Kyrgyzstan
 Lao People's Democratic Republic
 Latvia
 Lebanon
 Lesotho
 Liberia
 Libyan Arab Jamahiriya
 Liechtenstein
 Lithuania
 Luxembourg
 Macau
 Madagascar
 Malawi
 Malaysia
 Maldives
 Mali
 Malta
 Marshall Islands
 Martinique
 Mauritania
 Mauritius
 Mayotte
 Mexico
 Micronesia, Federated States of
 Moldova, Republic of
 Monaco
 Mongolia
 Montenegro
 Montserrat
 Morocco
 Mozambique
 Myanmar
 Namibia
 Nauru
 Nepal
 Netherlands
 Netherlands Antilles
 New Caledonia
 New Zealand
 Nicaragua
 Niger
 Nigeria
 Niue
 Norfolk Island
 North Korea
 Northern Mariana Islands
 Norway
 Oman
 Pakistan
 Palau
 Palestinian Territory, Occupied
 Panama
 Papua New Guinea
 Paraguay
 Peru
 Philippines
 Pitcairn
 Poland
 Portugal
 Puerto Rico
 Qatar
 Reunion
 Romania
 Russian Federation
 Rwanda
 Saint Kitts and Nevis
 Saint Lucia
 Saint Vincent and the Grenadines
 Samoa
 San Marino
 Sao Tome and Principe
 Saudi Arabia
 Senegal
 Serbia
 Seychelles
 Sierra Leone
 Singapore
 Slovak Republic
 Slovenia
 Solomon Islands
 Somalia
 South Africa
 South Georgia & South Sandwich Islands
 South Korea
 South Sudan
 Spain
 Sri Lanka
 St. Barthelemy
 St. Helena
 St. Martin (French part)
 St. Pierre and Miquelon
 Sudan
 Suriname
 Svalbard and Jan Mayen Islands
 Swaziland
 Sweden
 Switzerland
 Syrian Arab Republic
 Taiwan
 Tajikistan
 Tanzania, United Republic of
 Thailand
 Togo
 Tokelau
 Tonga
 Trinidad and Tobago
 Tristan da Cunha
 Tunisia
 Turkey
 Turkmenistan
 Turks and Caicos Islands
 Tuvalu
 Uganda
 Ukraine
 United Arab Emirates
 United Kingdom
 United States
 United States Minor Outlying Islands
 Uruguay
 Uzbekistan
 Vanuatu
 Vatican City State (Holy See)
 Venezuela
 Viet Nam
 Virgin Islands (British)
 Virgin Islands (U.S.)
 Wallis and Futuna Islands
 Western Sahara
 Yemen
 Zambia
 Zimbabwe
 <br/>
Successfully click on element United Kingdom<br/>
Successfully click on element --- Please Select ---
Aberdeen
Aberdeenshire
Anglesey
Angus
Argyll and Bute
Bedfordshire
Berkshire
Blaenau Gwent
Bridgend
Bristol
Buckinghamshire
Caerphilly
Cambridgeshire
Cardiff
Carmarthenshire
Ceredigion
Cheshire
Clackmannanshire
Conwy
Cornwall
County Antrim
County Armagh
County Down
County Fermanagh
County Londonderry
County Tyrone
Cumbria
Denbighshire
Derbyshire
Devon
Dorset
Dumfries and Galloway
Dundee
Durham
East Ayrshire
East Dunbartonshire
East Lothian
East Renfrewshire
East Riding of Yorkshire
East Sussex
Edinburgh
Essex
Falkirk
Fife
Flintshire
Glasgow
Gloucestershire
Greater London
Greater Manchester
Gwynedd
Hampshire
Herefordshire
Hertfordshire
Highlands
Inverclyde
Isle of Wight
Kent
Lancashire
Leicestershire
Lincolnshire
Merseyside
Merthyr Tydfil
Midlothian
Monmouthshire
Moray
Neath Port Talbot
Newport
Norfolk
North Ayrshire
North Lanarkshire
North Yorkshire
Northamptonshire
Northumberland
Nottinghamshire
Orkney Islands
Oxfordshire
Pembrokeshire
Perth and Kinross
Powys
Renfrewshire
Rhondda Cynon Taff
Rutland
Scottish Borders
Shetland Islands
Shropshire
Somerset
South Ayrshire
South Lanarkshire
South Yorkshire
Staffordshire
Stirling
Suffolk
Surrey
Swansea
Torfaen
Tyne and Wear
Vale of Glamorgan
Warwickshire
West Dunbartonshire
West Lothian
West Midlands
West Sussex
West Yorkshire
Western Isles
Wiltshire
Worcestershire
Wrexham<br/>
Successfully click on element Kent<br/>
Successfully click on element <br/>
Successfully click on element <br/>
t1_calculationsWithVAT_Country is Passed<br/>
</div>
</td>
<td></td>
<td>14</td>
<td>ShoppingTests.DifferentCalculations@3012646b</td></tr>
<tr>
<td title='ShoppingTests.TESTS_HomePageDP.t3_search_ProductInTheSearchFieldAndVerifyResults()'><b>t3_search_ProductInTheSearchFieldAndVerifyResults</b><br>Test class: ShoppingTests.TESTS_HomePageDP<br>Test method: The test will search multiple products in the search and Assert the size of the products as results<br>Parameters: HTC Touch HD, $146.00, 8<br/>
<a href="#Output-1414682062" onClick='toggleBox("Output-1414682062", this, "Show output", "Hide output");'>Show output</a>

<a href="#Output-1414682062" onClick="toggleAllBoxes();">Show all outputs</a>
<div class='log' id="Output-1414682062">
Starting test method:t3_search_ProductInTheSearchFieldAndVerifyResults<br/>
Successfully opened url 'https://ecommerce-playground.lambdatest.io/index.php?route=account/login'<br/>
 Enter value : HTC Touch HD<br/>
t3_search_ProductInTheSearchFieldAndVerifyResults is Passed<br/>
</div>
</td>
<td></td>
<td>7</td>
<td>ShoppingTests.TESTS_HomePageDP@4d154ccd</td></tr>
<tr>
<td title='ShoppingTests.DifferentCalculations.t5_FacadeGuestAccountShippingAddressWithVAT()'><b>t5_FacadeGuestAccountShippingAddressWithVAT</b><br>Test class: ShoppingTests.DifferentCalculations<br>Test method: The test performs Assertions on different quantities calculations <br>Parameters: 1,, 123.2, 123.2, 101.0, 5.0, 4.0, 21.2, 131.2<br/>
<a href="#Output-1041018210" onClick='toggleBox("Output-1041018210", this, "Show output", "Hide output");'>Show output</a>

<a href="#Output-1041018210" onClick="toggleAllBoxes();">Show all outputs</a>
<div class='log' id="Output-1041018210">
Starting test method:t5_FacadeGuestAccountShippingAddressWithVAT<br/>
Successfully opened url 'https://ecommerce-playground.lambdatest.io/index.php?route=common/home'<br/>
 Enter value : Iphone<br/>
Successfully click on element <br/>
 Enter value : Carmelita<br/>
 Enter value : Watsica<br/>
 Enter value : aurelio.heathcote@gmail.com<br/>
 Enter value : 016977 4453<br/>
 Enter value : Rau, Bergnaum and Stokes<br/>
 Enter value : 8625 Jordan Throughway, New Stephanview, FL R7U 8WJ<br/>
 Enter value : 8625 Jordan Throughway, New Stephanview, FL R7U 8WJ<br/>
 Enter value : UM1N 1GA<br/>
 Enter value : Kent<br/>
Successfully click on element   --- Please Select ---
 Aaland Islands
 Afghanistan
 Albania
 Algeria
 American Samoa
 Andorra
 Angola
 Anguilla
 Antarctica
 Antigua and Barbuda
 Argentina
 Armenia
 Aruba
 Ascension Island (British)
 Australia
 Austria
 Azerbaijan
 Bahamas
 Bahrain
 Bangladesh
 Barbados
 Belarus
 Belgium
 Belize
 Benin
 Bermuda
 Bhutan
 Bolivia
 Bonaire, Sint Eustatius and Saba
 Bosnia and Herzegovina
 Botswana
 Bouvet Island
 Brazil
 British Indian Ocean Territory
 Brunei Darussalam
 Bulgaria
 Burkina Faso
 Burundi
 Cambodia
 Cameroon
 Canada
 Canary Islands
 Cape Verde
 Cayman Islands
 Central African Republic
 Chad
 Chile
 China
 Christmas Island
 Cocos (Keeling) Islands
 Colombia
 Comoros
 Congo
 Cook Islands
 Costa Rica
 Cote D'Ivoire
 Croatia
 Cuba
 Curacao
 Cyprus
 Czech Republic
 Democratic Republic of Congo
 Denmark
 Djibouti
 Dominica
 Dominican Republic
 East Timor
 Ecuador
 Egypt
 El Salvador
 Equatorial Guinea
 Eritrea
 Estonia
 Ethiopia
 Falkland Islands (Malvinas)
 Faroe Islands
 Fiji
 Finland
 France, Metropolitan
 French Guiana
 French Polynesia
 French Southern Territories
 FYROM
 Gabon
 Gambia
 Georgia
 Germany
 Ghana
 Gibraltar
 Greece
 Greenland
 Grenada
 Guadeloupe
 Guam
 Guatemala
 Guernsey
 Guinea
 Guinea-Bissau
 Guyana
 Haiti
 Heard and Mc Donald Islands
 Honduras
 Hong Kong
 Hungary
 Iceland
 India
 Indonesia
 Iran (Islamic Republic of)
 Iraq
 Ireland
 Isle of Man
 Israel
 Italy
 Jamaica
 Japan
 Jersey
 Jordan
 Kazakhstan
 Kenya
 Kiribati
 Kosovo, Republic of
 Kuwait
 Kyrgyzstan
 Lao People's Democratic Republic
 Latvia
 Lebanon
 Lesotho
 Liberia
 Libyan Arab Jamahiriya
 Liechtenstein
 Lithuania
 Luxembourg
 Macau
 Madagascar
 Malawi
 Malaysia
 Maldives
 Mali
 Malta
 Marshall Islands
 Martinique
 Mauritania
 Mauritius
 Mayotte
 Mexico
 Micronesia, Federated States of
 Moldova, Republic of
 Monaco
 Mongolia
 Montenegro
 Montserrat
 Morocco
 Mozambique
 Myanmar
 Namibia
 Nauru
 Nepal
 Netherlands
 Netherlands Antilles
 New Caledonia
 New Zealand
 Nicaragua
 Niger
 Nigeria
 Niue
 Norfolk Island
 North Korea
 Northern Mariana Islands
 Norway
 Oman
 Pakistan
 Palau
 Palestinian Territory, Occupied
 Panama
 Papua New Guinea
 Paraguay
 Peru
 Philippines
 Pitcairn
 Poland
 Portugal
 Puerto Rico
 Qatar
 Reunion
 Romania
 Russian Federation
 Rwanda
 Saint Kitts and Nevis
 Saint Lucia
 Saint Vincent and the Grenadines
 Samoa
 San Marino
 Sao Tome and Principe
 Saudi Arabia
 Senegal
 Serbia
 Seychelles
 Sierra Leone
 Singapore
 Slovak Republic
 Slovenia
 Solomon Islands
 Somalia
 South Africa
 South Georgia & South Sandwich Islands
 South Korea
 South Sudan
 Spain
 Sri Lanka
 St. Barthelemy
 St. Helena
 St. Martin (French part)
 St. Pierre and Miquelon
 Sudan
 Suriname
 Svalbard and Jan Mayen Islands
 Swaziland
 Sweden
 Switzerland
 Syrian Arab Republic
 Taiwan
 Tajikistan
 Tanzania, United Republic of
 Thailand
 Togo
 Tokelau
 Tonga
 Trinidad and Tobago
 Tristan da Cunha
 Tunisia
 Turkey
 Turkmenistan
 Turks and Caicos Islands
 Tuvalu
 Uganda
 Ukraine
 United Arab Emirates
 United Kingdom
 United States
 United States Minor Outlying Islands
 Uruguay
 Uzbekistan
 Vanuatu
 Vatican City State (Holy See)
 Venezuela
 Viet Nam
 Virgin Islands (British)
 Virgin Islands (U.S.)
 Wallis and Futuna Islands
 Western Sahara
 Yemen
 Zambia
 Zimbabwe
 <br/>
Successfully click on element United Kingdom<br/>
Successfully click on element --- Please Select ---
Aberdeen
Aberdeenshire
Anglesey
Angus
Argyll and Bute
Bedfordshire
Berkshire
Blaenau Gwent
Bridgend
Bristol
Buckinghamshire
Caerphilly
Cambridgeshire
Cardiff
Carmarthenshire
Ceredigion
Cheshire
Clackmannanshire
Conwy
Cornwall
County Antrim
County Armagh
County Down
County Fermanagh
County Londonderry
County Tyrone
Cumbria
Denbighshire
Derbyshire
Devon
Dorset
Dumfries and Galloway
Dundee
Durham
East Ayrshire
East Dunbartonshire
East Lothian
East Renfrewshire
East Riding of Yorkshire
East Sussex
Edinburgh
Essex
Falkirk
Fife
Flintshire
Glasgow
Gloucestershire
Greater London
Greater Manchester
Gwynedd
Hampshire
Herefordshire
Hertfordshire
Highlands
Inverclyde
Isle of Wight
Kent
Lancashire
Leicestershire
Lincolnshire
Merseyside
Merthyr Tydfil
Midlothian
Monmouthshire
Moray
Neath Port Talbot
Newport
Norfolk
North Ayrshire
North Lanarkshire
North Yorkshire
Northamptonshire
Northumberland
Nottinghamshire
Orkney Islands
Oxfordshire
Pembrokeshire
Perth and Kinross
Powys
Renfrewshire
Rhondda Cynon Taff
Rutland
Scottish Borders
Shetland Islands
Shropshire
Somerset
South Ayrshire
South Lanarkshire
South Yorkshire
Staffordshire
Stirling
Suffolk
Surrey
Swansea
Torfaen
Tyne and Wear
Vale of Glamorgan
Warwickshire
West Dunbartonshire
West Lothian
West Midlands
West Sussex
West Yorkshire
Western Isles
Wiltshire
Worcestershire
Wrexham<br/>
Successfully click on element Kent<br/>
Successfully click on element <br/>
Successfully click on element <br/>
t5_FacadeGuestAccountShippingAddressWithVAT is Passed<br/>
</div>
</td>
<td></td>
<td>12</td>
<td>ShoppingTests.DifferentCalculations@3012646b</td></tr>
<tr>
<td title='ShoppingTests.TESTS_HomePageDP.t3_search_ProductInTheSearchFieldAndVerifyResults()'><b>t3_search_ProductInTheSearchFieldAndVerifyResults</b><br>Test class: ShoppingTests.TESTS_HomePageDP<br>Test method: The test will search multiple products in the search and Assert the size of the products as results<br>Parameters: Palm Treo Pro, $337.99, 2<br/>
<a href="#Output-799415208" onClick='toggleBox("Output-799415208", this, "Show output", "Hide output");'>Show output</a>

<a href="#Output-799415208" onClick="toggleAllBoxes();">Show all outputs</a>
<div class='log' id="Output-799415208">
Starting test method:t3_search_ProductInTheSearchFieldAndVerifyResults<br/>
Successfully opened url 'https://ecommerce-playground.lambdatest.io/index.php?route=account/login'<br/>
 Enter value : Palm Treo Pro<br/>
t3_search_ProductInTheSearchFieldAndVerifyResults is Passed<br/>
</div>
</td>
<td></td>
<td>4</td>
<td>ShoppingTests.TESTS_HomePageDP@4d154ccd</td></tr>
</table><p>
</body>
</html>