<?xml version="1.0" encoding="UTF-8"?>
<!-- Generated by org.testng.reporters.JUnitXMLReporter -->
<testsuite ignored="0" hostname="LAPTOP-DELL" failures="1" tests="1" name="Purchase with logged user test" time="8.299" errors="0" timestamp="2023-01-30T23:05:51 EET">
  <testcase classname="ShoppingTests.TESTS_PurchaseWithLoggedUser" name="LoginAndPurchase" time="7.089">
    <failure type="java.lang.AssertionError" message="expected [146.0] but found [438.0]">
      <![CDATA[java.lang.AssertionError: expected [146.0] but found [438.0]
at Pages.ShoppingCartPage.assertTotalTop_value(ShoppingCartPage.java:202)
at ShoppingTests.TESTS_PurchaseWithLoggedUser.LoginAndPurchase(TESTS_PurchaseWithLoggedUser.java:31)
at java.base/java.util.ArrayList.forEach(ArrayList.java:1511)
... Removed 31 stack frames]]>
    </failure>
  </testcase> <!-- LoginAndPurchase -->
</testsuite> <!-- Purchase with logged user test -->
